2021-05-09 11:54:13 Error: Mozilla/5.0 (X11; Linux x86_64; rv:78.0) Gecko/20100101 Firefox/78.0
2021-05-09 11:54:13 Error: /?redirect=%2F%3Fredirect%3D%252F%253Fredirect%253D%25252F%25253Fredirect%25253D%2525252F%2525253Fredirect%2525253D%252525252F%252525253Fredirect%252525253D%25252525252F%25252525253Fredirect%25252525253D%2525252525252F%2525252525253Fredirect%2525252525253D%252525252525252F%252525252525253Fredirect%252525252525253D%25252525252525252F%25252525252525253Fredirect%25252525252525253D%2525252525252525252F%2525252525252525253Fredirect%2525252525252525253D%252525252525252525252F%252525252525252525253Fredirect%252525252525252525253D%25252525252525252525252F%25252525252525252525253Fredirect%25252525252525252525253D%2525252525252525252525252F%2525252525252525252525253Fredirect%2525252525252525252525253D%252525252525252525252525252F%252525252525252525252525253Fredirect%252525252525252525252525253D%25252525252525252525252525252F%25252525252525252525252525253Fredirect%25252525252525252525252525253D%2525252525252525252525252525252F%2525252525252525252525252525253Fredirect%2525252525252525252525252525253D%252525252525252525252525252525252F%252525252525252525252525252525253Fredirect%252525252525252525252525252525253D%25252525252525252525252525252525252F%25252525252525252525252525252525253Fredirect%25252525252525252525252525252525253D%2525252525252525252525252525252525252F%2525252525252525252525252525252525253Fredirect%2525252525252525252525252525252525253D%252525252525252525252525252525252525252F
2021-05-09 11:54:13 Error: 
2021-05-09 11:54:13 Error: #0 /home/debian/Dokumenty/Projects/mikolajfranek/powiadomienia/cakephp-4-2-6/vendor/cakephp/cakephp/src/Controller/Controller.php(531): App\Controller\UsersController->login()
#1 /home/debian/Dokumenty/Projects/mikolajfranek/powiadomienia/cakephp-4-2-6/vendor/cakephp/cakephp/src/Controller/ControllerFactory.php(149): Cake\Controller\Controller->invokeAction(Object(Closure), Array)
#2 /home/debian/Dokumenty/Projects/mikolajfranek/powiadomienia/cakephp-4-2-6/vendor/cakephp/cakephp/src/Http/BaseApplication.php(313): Cake\Controller\ControllerFactory->invoke(Object(App\Controller\UsersController))
#3 /home/debian/Dokumenty/Projects/mikolajfranek/powiadomienia/cakephp-4-2-6/vendor/cakephp/cakephp/src/Http/Runner.php(77): Cake\Http\BaseApplication->handle(Object(Cake\Http\ServerRequest))
#4 /home/debian/Dokumenty/Projects/mikolajfranek/powiadomienia/cakephp-4-2-6/vendor/cakephp/authentication/src/Middleware/AuthenticationMiddleware.php(124): Cake\Http\Runner->handle(Object(Cake\Http\ServerRequest))
#5 /home/debian/Dokumenty/Projects/mikolajfranek/powiadomienia/cakephp-4-2-6/vendor/cakephp/cakephp/src/Http/Runner.php(73): Authentication\Middleware\AuthenticationMiddleware->process(Object(Cake\Http\ServerRequest), Object(Cake\Http\Runner))
#6 /home/debian/Dokumenty/Projects/mikolajfranek/powiadomienia/cakephp-4-2-6/vendor/cakephp/cakephp/src/Http/Middleware/CsrfProtectionMiddleware.php(169): Cake\Http\Runner->handle(Object(Cake\Http\ServerRequest))
#7 /home/debian/Dokumenty/Projects/mikolajfranek/powiadomienia/cakephp-4-2-6/vendor/cakephp/cakephp/src/Http/Runner.php(73): Cake\Http\Middleware\CsrfProtectionMiddleware->process(Object(Cake\Http\ServerRequest), Object(Cake\Http\Runner))
#8 /home/debian/Dokumenty/Projects/mikolajfranek/powiadomienia/cakephp-4-2-6/vendor/cakephp/cakephp/src/Http/Middleware/BodyParserMiddleware.php(164): Cake\Http\Runner->handle(Object(Cake\Http\ServerRequest))
#9 /home/debian/Dokumenty/Projects/mikolajfranek/powiadomienia/cakephp-4-2-6/vendor/cakephp/cakephp/src/Http/Runner.php(73): Cake\Http\Middleware\BodyParserMiddleware->process(Object(Cake\Http\ServerRequest), Object(Cake\Http\Runner))
#10 /home/debian/Dokumenty/Projects/mikolajfranek/powiadomienia/cakephp-4-2-6/vendor/cakephp/cakephp/src/Routing/Middleware/RoutingMiddleware.php(161): Cake\Http\Runner->handle(Object(Cake\Http\ServerRequest))
#11 /home/debian/Dokumenty/Projects/mikolajfranek/powiadomienia/cakephp-4-2-6/vendor/cakephp/cakephp/src/Http/Runner.php(73): Cake\Routing\Middleware\RoutingMiddleware->process(Object(Cake\Http\ServerRequest), Object(Cake\Http\Runner))
#12 /home/debian/Dokumenty/Projects/mikolajfranek/powiadomienia/cakephp-4-2-6/vendor/cakephp/cakephp/src/Routing/Middleware/AssetMiddleware.php(68): Cake\Http\Runner->handle(Object(Cake\Http\ServerRequest))
#13 /home/debian/Dokumenty/Projects/mikolajfranek/powiadomienia/cakephp-4-2-6/vendor/cakephp/cakephp/src/Http/Runner.php(73): Cake\Routing\Middleware\AssetMiddleware->process(Object(Cake\Http\ServerRequest), Object(Cake\Http\Runner))
#14 /home/debian/Dokumenty/Projects/mikolajfranek/powiadomienia/cakephp-4-2-6/vendor/cakephp/cakephp/src/Error/Middleware/ErrorHandlerMiddleware.php(126): Cake\Http\Runner->handle(Object(Cake\Http\ServerRequest))
#15 /home/debian/Dokumenty/Projects/mikolajfranek/powiadomienia/cakephp-4-2-6/vendor/cakephp/cakephp/src/Http/Runner.php(73): Cake\Error\Middleware\ErrorHandlerMiddleware->process(Object(Cake\Http\ServerRequest), Object(Cake\Http\Runner))
#16 /home/debian/Dokumenty/Projects/mikolajfranek/powiadomienia/cakephp-4-2-6/vendor/cakephp/debug_kit/src/Middleware/DebugKitMiddleware.php(60): Cake\Http\Runner->handle(Object(Cake\Http\ServerRequest))
#17 /home/debian/Dokumenty/Projects/mikolajfranek/powiadomienia/cakephp-4-2-6/vendor/cakephp/cakephp/src/Http/Runner.php(73): DebugKit\Middleware\DebugKitMiddleware->process(Object(Cake\Http\ServerRequest), Object(Cake\Http\Runner))
#18 /home/debian/Dokumenty/Projects/mikolajfranek/powiadomienia/cakephp-4-2-6/vendor/cakephp/cakephp/src/Http/Runner.php(58): Cake\Http\Runner->handle(Object(Cake\Http\ServerRequest))
#19 /home/debian/Dokumenty/Projects/mikolajfranek/powiadomienia/cakephp-4-2-6/vendor/cakephp/cakephp/src/Http/Server.php(90): Cake\Http\Runner->run(Object(Cake\Http\MiddlewareQueue), Object(Cake\Http\ServerRequest), Object(App\Application))
#20 /home/debian/Dokumenty/Projects/mikolajfranek/powiadomienia/cakephp-4-2-6/webroot/index.php(40): Cake\Http\Server->run()
#21 {main}
2021-05-09 11:54:15 Error: Mozilla/5.0 (X11; Linux x86_64; rv:78.0) Gecko/20100101 Firefox/78.0
2021-05-09 11:54:15 Error: /?redirect=%2F%3Fredirect%3D%252F%253Fredirect%253D%25252F%25253Fredirect%25253D%2525252F%2525253Fredirect%2525253D%252525252F%252525253Fredirect%252525253D%25252525252F%25252525253Fredirect%25252525253D%2525252525252F%2525252525253Fredirect%2525252525253D%252525252525252F%252525252525253Fredirect%252525252525253D%25252525252525252F%25252525252525253Fredirect%25252525252525253D%2525252525252525252F%2525252525252525253Fredirect%2525252525252525253D%252525252525252525252F%252525252525252525253Fredirect%252525252525252525253D%25252525252525252525252F%25252525252525252525253Fredirect%25252525252525252525253D%2525252525252525252525252F%2525252525252525252525253Fredirect%2525252525252525252525253D%252525252525252525252525252F%252525252525252525252525253Fredirect%252525252525252525252525253D%25252525252525252525252525252F%25252525252525252525252525253Fredirect%25252525252525252525252525253D%2525252525252525252525252525252F%2525252525252525252525252525253Fredirect%2525252525252525252525252525253D%252525252525252525252525252525252F%252525252525252525252525252525253Fredirect%252525252525252525252525252525253D%25252525252525252525252525252525252F%25252525252525252525252525252525253Fredirect%25252525252525252525252525252525253D%2525252525252525252525252525252525252F%2525252525252525252525252525252525253Fredirect%2525252525252525252525252525252525253D%252525252525252525252525252525252525252F
2021-05-09 11:54:15 Error: 
2021-05-09 11:54:15 Error: #0 /home/debian/Dokumenty/Projects/mikolajfranek/powiadomienia/cakephp-4-2-6/vendor/cakephp/cakephp/src/Controller/Controller.php(531): App\Controller\UsersController->login()
#1 /home/debian/Dokumenty/Projects/mikolajfranek/powiadomienia/cakephp-4-2-6/vendor/cakephp/cakephp/src/Controller/ControllerFactory.php(149): Cake\Controller\Controller->invokeAction(Object(Closure), Array)
#2 /home/debian/Dokumenty/Projects/mikolajfranek/powiadomienia/cakephp-4-2-6/vendor/cakephp/cakephp/src/Http/BaseApplication.php(313): Cake\Controller\ControllerFactory->invoke(Object(App\Controller\UsersController))
#3 /home/debian/Dokumenty/Projects/mikolajfranek/powiadomienia/cakephp-4-2-6/vendor/cakephp/cakephp/src/Http/Runner.php(77): Cake\Http\BaseApplication->handle(Object(Cake\Http\ServerRequest))
#4 /home/debian/Dokumenty/Projects/mikolajfranek/powiadomienia/cakephp-4-2-6/vendor/cakephp/authentication/src/Middleware/AuthenticationMiddleware.php(124): Cake\Http\Runner->handle(Object(Cake\Http\ServerRequest))
#5 /home/debian/Dokumenty/Projects/mikolajfranek/powiadomienia/cakephp-4-2-6/vendor/cakephp/cakephp/src/Http/Runner.php(73): Authentication\Middleware\AuthenticationMiddleware->process(Object(Cake\Http\ServerRequest), Object(Cake\Http\Runner))
#6 /home/debian/Dokumenty/Projects/mikolajfranek/powiadomienia/cakephp-4-2-6/vendor/cakephp/cakephp/src/Http/Middleware/CsrfProtectionMiddleware.php(169): Cake\Http\Runner->handle(Object(Cake\Http\ServerRequest))
#7 /home/debian/Dokumenty/Projects/mikolajfranek/powiadomienia/cakephp-4-2-6/vendor/cakephp/cakephp/src/Http/Runner.php(73): Cake\Http\Middleware\CsrfProtectionMiddleware->process(Object(Cake\Http\ServerRequest), Object(Cake\Http\Runner))
#8 /home/debian/Dokumenty/Projects/mikolajfranek/powiadomienia/cakephp-4-2-6/vendor/cakephp/cakephp/src/Http/Middleware/BodyParserMiddleware.php(164): Cake\Http\Runner->handle(Object(Cake\Http\ServerRequest))
#9 /home/debian/Dokumenty/Projects/mikolajfranek/powiadomienia/cakephp-4-2-6/vendor/cakephp/cakephp/src/Http/Runner.php(73): Cake\Http\Middleware\BodyParserMiddleware->process(Object(Cake\Http\ServerRequest), Object(Cake\Http\Runner))
#10 /home/debian/Dokumenty/Projects/mikolajfranek/powiadomienia/cakephp-4-2-6/vendor/cakephp/cakephp/src/Routing/Middleware/RoutingMiddleware.php(161): Cake\Http\Runner->handle(Object(Cake\Http\ServerRequest))
#11 /home/debian/Dokumenty/Projects/mikolajfranek/powiadomienia/cakephp-4-2-6/vendor/cakephp/cakephp/src/Http/Runner.php(73): Cake\Routing\Middleware\RoutingMiddleware->process(Object(Cake\Http\ServerRequest), Object(Cake\Http\Runner))
#12 /home/debian/Dokumenty/Projects/mikolajfranek/powiadomienia/cakephp-4-2-6/vendor/cakephp/cakephp/src/Routing/Middleware/AssetMiddleware.php(68): Cake\Http\Runner->handle(Object(Cake\Http\ServerRequest))
#13 /home/debian/Dokumenty/Projects/mikolajfranek/powiadomienia/cakephp-4-2-6/vendor/cakephp/cakephp/src/Http/Runner.php(73): Cake\Routing\Middleware\AssetMiddleware->process(Object(Cake\Http\ServerRequest), Object(Cake\Http\Runner))
#14 /home/debian/Dokumenty/Projects/mikolajfranek/powiadomienia/cakephp-4-2-6/vendor/cakephp/cakephp/src/Error/Middleware/ErrorHandlerMiddleware.php(126): Cake\Http\Runner->handle(Object(Cake\Http\ServerRequest))
#15 /home/debian/Dokumenty/Projects/mikolajfranek/powiadomienia/cakephp-4-2-6/vendor/cakephp/cakephp/src/Http/Runner.php(73): Cake\Error\Middleware\ErrorHandlerMiddleware->process(Object(Cake\Http\ServerRequest), Object(Cake\Http\Runner))
#16 /home/debian/Dokumenty/Projects/mikolajfranek/powiadomienia/cakephp-4-2-6/vendor/cakephp/debug_kit/src/Middleware/DebugKitMiddleware.php(60): Cake\Http\Runner->handle(Object(Cake\Http\ServerRequest))
#17 /home/debian/Dokumenty/Projects/mikolajfranek/powiadomienia/cakephp-4-2-6/vendor/cakephp/cakephp/src/Http/Runner.php(73): DebugKit\Middleware\DebugKitMiddleware->process(Object(Cake\Http\ServerRequest), Object(Cake\Http\Runner))
#18 /home/debian/Dokumenty/Projects/mikolajfranek/powiadomienia/cakephp-4-2-6/vendor/cakephp/cakephp/src/Http/Runner.php(58): Cake\Http\Runner->handle(Object(Cake\Http\ServerRequest))
#19 /home/debian/Dokumenty/Projects/mikolajfranek/powiadomienia/cakephp-4-2-6/vendor/cakephp/cakephp/src/Http/Server.php(90): Cake\Http\Runner->run(Object(Cake\Http\MiddlewareQueue), Object(Cake\Http\ServerRequest), Object(App\Application))
#20 /home/debian/Dokumenty/Projects/mikolajfranek/powiadomienia/cakephp-4-2-6/webroot/index.php(40): Cake\Http\Server->run()
#21 {main}
2021-05-09 11:54:32 Error: Mozilla/5.0 (X11; Linux x86_64; rv:78.0) Gecko/20100101 Firefox/78.0
2021-05-09 11:54:32 Error: /?redirect=%2F%3Fredirect%3D%252F%253Fredirect%253D%25252F%25253Fredirect%25253D%2525252F%2525253Fredirect%2525253D%252525252F%252525253Fredirect%252525253D%25252525252F%25252525253Fredirect%25252525253D%2525252525252F%2525252525253Fredirect%2525252525253D%252525252525252F%252525252525253Fredirect%252525252525253D%25252525252525252F%25252525252525253Fredirect%25252525252525253D%2525252525252525252F%2525252525252525253Fredirect%2525252525252525253D%252525252525252525252F%252525252525252525253Fredirect%252525252525252525253D%25252525252525252525252F%25252525252525252525253Fredirect%25252525252525252525253D%2525252525252525252525252F%2525252525252525252525253Fredirect%2525252525252525252525253D%252525252525252525252525252F%252525252525252525252525253Fredirect%252525252525252525252525253D%25252525252525252525252525252F%25252525252525252525252525253Fredirect%25252525252525252525252525253D%2525252525252525252525252525252F%2525252525252525252525252525253Fredirect%2525252525252525252525252525253D%252525252525252525252525252525252F%252525252525252525252525252525253Fredirect%252525252525252525252525252525253D%25252525252525252525252525252525252F%25252525252525252525252525252525253Fredirect%25252525252525252525252525252525253D%2525252525252525252525252525252525252F%2525252525252525252525252525252525253Fredirect%2525252525252525252525252525252525253D%252525252525252525252525252525252525252F
2021-05-09 11:54:32 Error: 
2021-05-09 11:54:32 Error: #0 /home/debian/Dokumenty/Projects/mikolajfranek/powiadomienia/cakephp-4-2-6/vendor/cakephp/cakephp/src/Controller/Controller.php(531): App\Controller\UsersController->login()
#1 /home/debian/Dokumenty/Projects/mikolajfranek/powiadomienia/cakephp-4-2-6/vendor/cakephp/cakephp/src/Controller/ControllerFactory.php(149): Cake\Controller\Controller->invokeAction(Object(Closure), Array)
#2 /home/debian/Dokumenty/Projects/mikolajfranek/powiadomienia/cakephp-4-2-6/vendor/cakephp/cakephp/src/Http/BaseApplication.php(313): Cake\Controller\ControllerFactory->invoke(Object(App\Controller\UsersController))
#3 /home/debian/Dokumenty/Projects/mikolajfranek/powiadomienia/cakephp-4-2-6/vendor/cakephp/cakephp/src/Http/Runner.php(77): Cake\Http\BaseApplication->handle(Object(Cake\Http\ServerRequest))
#4 /home/debian/Dokumenty/Projects/mikolajfranek/powiadomienia/cakephp-4-2-6/vendor/cakephp/authentication/src/Middleware/AuthenticationMiddleware.php(124): Cake\Http\Runner->handle(Object(Cake\Http\ServerRequest))
#5 /home/debian/Dokumenty/Projects/mikolajfranek/powiadomienia/cakephp-4-2-6/vendor/cakephp/cakephp/src/Http/Runner.php(73): Authentication\Middleware\AuthenticationMiddleware->process(Object(Cake\Http\ServerRequest), Object(Cake\Http\Runner))
#6 /home/debian/Dokumenty/Projects/mikolajfranek/powiadomienia/cakephp-4-2-6/vendor/cakephp/cakephp/src/Http/Middleware/CsrfProtectionMiddleware.php(169): Cake\Http\Runner->handle(Object(Cake\Http\ServerRequest))
#7 /home/debian/Dokumenty/Projects/mikolajfranek/powiadomienia/cakephp-4-2-6/vendor/cakephp/cakephp/src/Http/Runner.php(73): Cake\Http\Middleware\CsrfProtectionMiddleware->process(Object(Cake\Http\ServerRequest), Object(Cake\Http\Runner))
#8 /home/debian/Dokumenty/Projects/mikolajfranek/powiadomienia/cakephp-4-2-6/vendor/cakephp/cakephp/src/Http/Middleware/BodyParserMiddleware.php(164): Cake\Http\Runner->handle(Object(Cake\Http\ServerRequest))
#9 /home/debian/Dokumenty/Projects/mikolajfranek/powiadomienia/cakephp-4-2-6/vendor/cakephp/cakephp/src/Http/Runner.php(73): Cake\Http\Middleware\BodyParserMiddleware->process(Object(Cake\Http\ServerRequest), Object(Cake\Http\Runner))
#10 /home/debian/Dokumenty/Projects/mikolajfranek/powiadomienia/cakephp-4-2-6/vendor/cakephp/cakephp/src/Routing/Middleware/RoutingMiddleware.php(161): Cake\Http\Runner->handle(Object(Cake\Http\ServerRequest))
#11 /home/debian/Dokumenty/Projects/mikolajfranek/powiadomienia/cakephp-4-2-6/vendor/cakephp/cakephp/src/Http/Runner.php(73): Cake\Routing\Middleware\RoutingMiddleware->process(Object(Cake\Http\ServerRequest), Object(Cake\Http\Runner))
#12 /home/debian/Dokumenty/Projects/mikolajfranek/powiadomienia/cakephp-4-2-6/vendor/cakephp/cakephp/src/Routing/Middleware/AssetMiddleware.php(68): Cake\Http\Runner->handle(Object(Cake\Http\ServerRequest))
#13 /home/debian/Dokumenty/Projects/mikolajfranek/powiadomienia/cakephp-4-2-6/vendor/cakephp/cakephp/src/Http/Runner.php(73): Cake\Routing\Middleware\AssetMiddleware->process(Object(Cake\Http\ServerRequest), Object(Cake\Http\Runner))
#14 /home/debian/Dokumenty/Projects/mikolajfranek/powiadomienia/cakephp-4-2-6/vendor/cakephp/cakephp/src/Error/Middleware/ErrorHandlerMiddleware.php(126): Cake\Http\Runner->handle(Object(Cake\Http\ServerRequest))
#15 /home/debian/Dokumenty/Projects/mikolajfranek/powiadomienia/cakephp-4-2-6/vendor/cakephp/cakephp/src/Http/Runner.php(73): Cake\Error\Middleware\ErrorHandlerMiddleware->process(Object(Cake\Http\ServerRequest), Object(Cake\Http\Runner))
#16 /home/debian/Dokumenty/Projects/mikolajfranek/powiadomienia/cakephp-4-2-6/vendor/cakephp/debug_kit/src/Middleware/DebugKitMiddleware.php(60): Cake\Http\Runner->handle(Object(Cake\Http\ServerRequest))
#17 /home/debian/Dokumenty/Projects/mikolajfranek/powiadomienia/cakephp-4-2-6/vendor/cakephp/cakephp/src/Http/Runner.php(73): DebugKit\Middleware\DebugKitMiddleware->process(Object(Cake\Http\ServerRequest), Object(Cake\Http\Runner))
#18 /home/debian/Dokumenty/Projects/mikolajfranek/powiadomienia/cakephp-4-2-6/vendor/cakephp/cakephp/src/Http/Runner.php(58): Cake\Http\Runner->handle(Object(Cake\Http\ServerRequest))
#19 /home/debian/Dokumenty/Projects/mikolajfranek/powiadomienia/cakephp-4-2-6/vendor/cakephp/cakephp/src/Http/Server.php(90): Cake\Http\Runner->run(Object(Cake\Http\MiddlewareQueue), Object(Cake\Http\ServerRequest), Object(App\Application))
#20 /home/debian/Dokumenty/Projects/mikolajfranek/powiadomienia/cakephp-4-2-6/webroot/index.php(40): Cake\Http\Server->run()
#21 {main}
2021-05-09 11:54:34 Error: Mozilla/5.0 (X11; Linux x86_64; rv:78.0) Gecko/20100101 Firefox/78.0
2021-05-09 11:54:34 Error: /?redirect=%2F%3Fredirect%3D%252F%253Fredirect%253D%25252F%25253Fredirect%25253D%2525252F%2525253Fredirect%2525253D%252525252F%252525253Fredirect%252525253D%25252525252F%25252525253Fredirect%25252525253D%2525252525252F%2525252525253Fredirect%2525252525253D%252525252525252F%252525252525253Fredirect%252525252525253D%25252525252525252F%25252525252525253Fredirect%25252525252525253D%2525252525252525252F%2525252525252525253Fredirect%2525252525252525253D%252525252525252525252F%252525252525252525253Fredirect%252525252525252525253D%25252525252525252525252F%25252525252525252525253Fredirect%25252525252525252525253D%2525252525252525252525252F%2525252525252525252525253Fredirect%2525252525252525252525253D%252525252525252525252525252F%252525252525252525252525253Fredirect%252525252525252525252525253D%25252525252525252525252525252F%25252525252525252525252525253Fredirect%25252525252525252525252525253D%2525252525252525252525252525252F%2525252525252525252525252525253Fredirect%2525252525252525252525252525253D%252525252525252525252525252525252F%252525252525252525252525252525253Fredirect%252525252525252525252525252525253D%25252525252525252525252525252525252F%25252525252525252525252525252525253Fredirect%25252525252525252525252525252525253D%2525252525252525252525252525252525252F%2525252525252525252525252525252525253Fredirect%2525252525252525252525252525252525253D%252525252525252525252525252525252525252F
2021-05-09 11:54:34 Error: 
2021-05-09 11:54:34 Error: #0 /home/debian/Dokumenty/Projects/mikolajfranek/powiadomienia/cakephp-4-2-6/vendor/cakephp/cakephp/src/Controller/Controller.php(531): App\Controller\UsersController->login()
#1 /home/debian/Dokumenty/Projects/mikolajfranek/powiadomienia/cakephp-4-2-6/vendor/cakephp/cakephp/src/Controller/ControllerFactory.php(149): Cake\Controller\Controller->invokeAction(Object(Closure), Array)
#2 /home/debian/Dokumenty/Projects/mikolajfranek/powiadomienia/cakephp-4-2-6/vendor/cakephp/cakephp/src/Http/BaseApplication.php(313): Cake\Controller\ControllerFactory->invoke(Object(App\Controller\UsersController))
#3 /home/debian/Dokumenty/Projects/mikolajfranek/powiadomienia/cakephp-4-2-6/vendor/cakephp/cakephp/src/Http/Runner.php(77): Cake\Http\BaseApplication->handle(Object(Cake\Http\ServerRequest))
#4 /home/debian/Dokumenty/Projects/mikolajfranek/powiadomienia/cakephp-4-2-6/vendor/cakephp/authentication/src/Middleware/AuthenticationMiddleware.php(124): Cake\Http\Runner->handle(Object(Cake\Http\ServerRequest))
#5 /home/debian/Dokumenty/Projects/mikolajfranek/powiadomienia/cakephp-4-2-6/vendor/cakephp/cakephp/src/Http/Runner.php(73): Authentication\Middleware\AuthenticationMiddleware->process(Object(Cake\Http\ServerRequest), Object(Cake\Http\Runner))
#6 /home/debian/Dokumenty/Projects/mikolajfranek/powiadomienia/cakephp-4-2-6/vendor/cakephp/cakephp/src/Http/Middleware/CsrfProtectionMiddleware.php(169): Cake\Http\Runner->handle(Object(Cake\Http\ServerRequest))
#7 /home/debian/Dokumenty/Projects/mikolajfranek/powiadomienia/cakephp-4-2-6/vendor/cakephp/cakephp/src/Http/Runner.php(73): Cake\Http\Middleware\CsrfProtectionMiddleware->process(Object(Cake\Http\ServerRequest), Object(Cake\Http\Runner))
#8 /home/debian/Dokumenty/Projects/mikolajfranek/powiadomienia/cakephp-4-2-6/vendor/cakephp/cakephp/src/Http/Middleware/BodyParserMiddleware.php(164): Cake\Http\Runner->handle(Object(Cake\Http\ServerRequest))
#9 /home/debian/Dokumenty/Projects/mikolajfranek/powiadomienia/cakephp-4-2-6/vendor/cakephp/cakephp/src/Http/Runner.php(73): Cake\Http\Middleware\BodyParserMiddleware->process(Object(Cake\Http\ServerRequest), Object(Cake\Http\Runner))
#10 /home/debian/Dokumenty/Projects/mikolajfranek/powiadomienia/cakephp-4-2-6/vendor/cakephp/cakephp/src/Routing/Middleware/RoutingMiddleware.php(161): Cake\Http\Runner->handle(Object(Cake\Http\ServerRequest))
#11 /home/debian/Dokumenty/Projects/mikolajfranek/powiadomienia/cakephp-4-2-6/vendor/cakephp/cakephp/src/Http/Runner.php(73): Cake\Routing\Middleware\RoutingMiddleware->process(Object(Cake\Http\ServerRequest), Object(Cake\Http\Runner))
#12 /home/debian/Dokumenty/Projects/mikolajfranek/powiadomienia/cakephp-4-2-6/vendor/cakephp/cakephp/src/Routing/Middleware/AssetMiddleware.php(68): Cake\Http\Runner->handle(Object(Cake\Http\ServerRequest))
#13 /home/debian/Dokumenty/Projects/mikolajfranek/powiadomienia/cakephp-4-2-6/vendor/cakephp/cakephp/src/Http/Runner.php(73): Cake\Routing\Middleware\AssetMiddleware->process(Object(Cake\Http\ServerRequest), Object(Cake\Http\Runner))
#14 /home/debian/Dokumenty/Projects/mikolajfranek/powiadomienia/cakephp-4-2-6/vendor/cakephp/cakephp/src/Error/Middleware/ErrorHandlerMiddleware.php(126): Cake\Http\Runner->handle(Object(Cake\Http\ServerRequest))
#15 /home/debian/Dokumenty/Projects/mikolajfranek/powiadomienia/cakephp-4-2-6/vendor/cakephp/cakephp/src/Http/Runner.php(73): Cake\Error\Middleware\ErrorHandlerMiddleware->process(Object(Cake\Http\ServerRequest), Object(Cake\Http\Runner))
#16 /home/debian/Dokumenty/Projects/mikolajfranek/powiadomienia/cakephp-4-2-6/vendor/cakephp/debug_kit/src/Middleware/DebugKitMiddleware.php(60): Cake\Http\Runner->handle(Object(Cake\Http\ServerRequest))
#17 /home/debian/Dokumenty/Projects/mikolajfranek/powiadomienia/cakephp-4-2-6/vendor/cakephp/cakephp/src/Http/Runner.php(73): DebugKit\Middleware\DebugKitMiddleware->process(Object(Cake\Http\ServerRequest), Object(Cake\Http\Runner))
#18 /home/debian/Dokumenty/Projects/mikolajfranek/powiadomienia/cakephp-4-2-6/vendor/cakephp/cakephp/src/Http/Runner.php(58): Cake\Http\Runner->handle(Object(Cake\Http\ServerRequest))
#19 /home/debian/Dokumenty/Projects/mikolajfranek/powiadomienia/cakephp-4-2-6/vendor/cakephp/cakephp/src/Http/Server.php(90): Cake\Http\Runner->run(Object(Cake\Http\MiddlewareQueue), Object(Cake\Http\ServerRequest), Object(App\Application))
#20 /home/debian/Dokumenty/Projects/mikolajfranek/powiadomienia/cakephp-4-2-6/webroot/index.php(40): Cake\Http\Server->run()
#21 {main}
