2021-05-22 21:21:01 Debug: connection=default duration=1 rows=1 SELECT Users.id AS Users__id, Users.email AS Users__email, Users.password AS Users__password, Users.is_account_admin AS Users__is_account_admin, Users.is_account_active AS Users__is_account_active, Users.is_blocked AS Users__is_blocked, Users.is_email_confirmation AS Users__is_email_confirmation, Users.is_email_notification AS Users__is_email_notification FROM users Users WHERE Users.email = 'mikolaj.franek95@gmail.com' LIMIT 1
2021-05-22 21:21:22 Debug: connection=default duration=1 rows=1 SELECT Users.id AS Users__id, Users.email AS Users__email, Users.password AS Users__password, Users.is_account_admin AS Users__is_account_admin, Users.is_account_active AS Users__is_account_active, Users.is_blocked AS Users__is_blocked, Users.is_email_confirmation AS Users__is_email_confirmation, Users.is_email_notification AS Users__is_email_notification FROM users Users WHERE Users.email = 'mikolaj.franek95@gmail.com' LIMIT 1
2021-05-22 21:22:39 Debug: connection=default duration=1 rows=8 SHOW FULL COLUMNS FROM `users`
2021-05-22 21:22:39 Debug: connection=default duration=0 rows=1 SHOW INDEXES FROM `users`
2021-05-22 21:22:39 Debug: connection=default duration=0 rows=0 SELECT * FROM information_schema.key_column_usage AS kcu
            INNER JOIN information_schema.referential_constraints AS rc
            ON (
                kcu.CONSTRAINT_NAME = rc.CONSTRAINT_NAME
                AND kcu.CONSTRAINT_SCHEMA = rc.CONSTRAINT_SCHEMA
            )
            WHERE kcu.TABLE_SCHEMA = 'powiadomienia' AND kcu.TABLE_NAME = 'users' AND rc.TABLE_NAME = 'users'
            ORDER BY kcu.ORDINAL_POSITION ASC
2021-05-22 21:22:39 Debug: connection=default duration=0 rows=1 SHOW TABLE STATUS WHERE Name = 'users'
2021-05-22 21:22:39 Debug: connection=default duration=0 rows=1 SELECT Users.id AS Users__id, Users.email AS Users__email, Users.password AS Users__password, Users.is_account_admin AS Users__is_account_admin, Users.is_account_active AS Users__is_account_active, Users.is_blocked AS Users__is_blocked, Users.is_email_confirmation AS Users__is_email_confirmation, Users.is_email_notification AS Users__is_email_notification FROM users Users WHERE Users.email = 'mikolaj.franek95@gmail.com' LIMIT 1
2021-05-22 21:22:46 Debug: connection=default duration=1 rows=1 SELECT Users.id AS Users__id, Users.email AS Users__email, Users.password AS Users__password, Users.is_account_admin AS Users__is_account_admin, Users.is_account_active AS Users__is_account_active, Users.is_blocked AS Users__is_blocked, Users.is_email_confirmation AS Users__is_email_confirmation, Users.is_email_notification AS Users__is_email_notification FROM users Users WHERE Users.email = 'mikolaj.franek95@gmail.com' LIMIT 1
2021-05-22 21:23:20 Debug: connection=default duration=1 rows=1 SELECT Users.id AS Users__id, Users.email AS Users__email, Users.password AS Users__password, Users.is_account_admin AS Users__is_account_admin, Users.is_account_active AS Users__is_account_active, Users.is_blocked AS Users__is_blocked, Users.is_email_confirmation AS Users__is_email_confirmation, Users.is_email_notification AS Users__is_email_notification FROM users Users WHERE Users.email = 'mikolaj.franek95@gmail.com' LIMIT 1
2021-05-22 21:23:31 Debug: connection=default duration=1 rows=1 SELECT Users.id AS Users__id, Users.email AS Users__email, Users.password AS Users__password, Users.is_account_admin AS Users__is_account_admin, Users.is_account_active AS Users__is_account_active, Users.is_blocked AS Users__is_blocked, Users.is_email_confirmation AS Users__is_email_confirmation, Users.is_email_notification AS Users__is_email_notification FROM users Users WHERE Users.email = 'mikolaj.franek95@gmail.com' LIMIT 1
2021-05-22 21:24:48 Debug: connection=default duration=1 rows=8 SHOW FULL COLUMNS FROM `users`
2021-05-22 21:24:48 Debug: connection=default duration=0 rows=1 SHOW INDEXES FROM `users`
2021-05-22 21:24:48 Debug: connection=default duration=0 rows=0 SELECT * FROM information_schema.key_column_usage AS kcu
            INNER JOIN information_schema.referential_constraints AS rc
            ON (
                kcu.CONSTRAINT_NAME = rc.CONSTRAINT_NAME
                AND kcu.CONSTRAINT_SCHEMA = rc.CONSTRAINT_SCHEMA
            )
            WHERE kcu.TABLE_SCHEMA = 'powiadomienia' AND kcu.TABLE_NAME = 'users' AND rc.TABLE_NAME = 'users'
            ORDER BY kcu.ORDINAL_POSITION ASC
2021-05-22 21:24:48 Debug: connection=default duration=0 rows=1 SHOW TABLE STATUS WHERE Name = 'users'
2021-05-22 21:24:48 Debug: connection=default duration=0 rows=1 SELECT Users.id AS Users__id, Users.email AS Users__email, Users.password AS Users__password, Users.is_account_admin AS Users__is_account_admin, Users.is_account_active AS Users__is_account_active, Users.is_blocked AS Users__is_blocked, Users.is_email_confirmation AS Users__is_email_confirmation, Users.is_email_notification AS Users__is_email_notification FROM users Users WHERE Users.email = 'mikolaj.franek95@gmail.com' LIMIT 1
2021-05-22 21:24:59 Debug: connection=default duration=1 rows=1 SELECT Users.id AS Users__id, Users.email AS Users__email, Users.password AS Users__password, Users.is_account_admin AS Users__is_account_admin, Users.is_account_active AS Users__is_account_active, Users.is_blocked AS Users__is_blocked, Users.is_email_confirmation AS Users__is_email_confirmation, Users.is_email_notification AS Users__is_email_notification FROM users Users WHERE Users.email = 'mikolaj.franek95@gmail.com' LIMIT 1
2021-05-22 21:25:14 Debug: connection=default duration=1 rows=1 SELECT Users.id AS Users__id, Users.email AS Users__email, Users.password AS Users__password, Users.is_account_admin AS Users__is_account_admin, Users.is_account_active AS Users__is_account_active, Users.is_blocked AS Users__is_blocked, Users.is_email_confirmation AS Users__is_email_confirmation, Users.is_email_notification AS Users__is_email_notification FROM users Users WHERE Users.email = 'mikolaj.franek95@gmail.com' LIMIT 1
2021-05-22 21:26:07 Debug: connection=default duration=1 rows=1 SELECT Users.id AS Users__id, Users.email AS Users__email, Users.password AS Users__password, Users.is_account_admin AS Users__is_account_admin, Users.is_account_active AS Users__is_account_active, Users.is_blocked AS Users__is_blocked, Users.is_email_confirmation AS Users__is_email_confirmation, Users.is_email_notification AS Users__is_email_notification FROM users Users WHERE Users.email = 'mikolaj.franek95@gmail.com' LIMIT 1
2021-05-22 21:26:52 Debug: connection=default duration=1 rows=8 SHOW FULL COLUMNS FROM `users`
2021-05-22 21:26:52 Debug: connection=default duration=0 rows=1 SHOW INDEXES FROM `users`
2021-05-22 21:26:52 Debug: connection=default duration=1 rows=0 SELECT * FROM information_schema.key_column_usage AS kcu
            INNER JOIN information_schema.referential_constraints AS rc
            ON (
                kcu.CONSTRAINT_NAME = rc.CONSTRAINT_NAME
                AND kcu.CONSTRAINT_SCHEMA = rc.CONSTRAINT_SCHEMA
            )
            WHERE kcu.TABLE_SCHEMA = 'powiadomienia' AND kcu.TABLE_NAME = 'users' AND rc.TABLE_NAME = 'users'
            ORDER BY kcu.ORDINAL_POSITION ASC
2021-05-22 21:26:52 Debug: connection=default duration=0 rows=1 SHOW TABLE STATUS WHERE Name = 'users'
2021-05-22 21:26:52 Debug: connection=default duration=0 rows=1 SELECT Users.id AS Users__id, Users.email AS Users__email, Users.password AS Users__password, Users.is_account_admin AS Users__is_account_admin, Users.is_account_active AS Users__is_account_active, Users.is_blocked AS Users__is_blocked, Users.is_email_confirmation AS Users__is_email_confirmation, Users.is_email_notification AS Users__is_email_notification FROM users Users WHERE Users.email = 'mikolaj.franek95@gmail.com' LIMIT 1
2021-05-22 21:27:29 Debug: connection=default duration=0 rows=1 SELECT Users.id AS Users__id, Users.email AS Users__email, Users.password AS Users__password, Users.is_account_admin AS Users__is_account_admin, Users.is_account_active AS Users__is_account_active, Users.is_blocked AS Users__is_blocked, Users.is_email_confirmation AS Users__is_email_confirmation, Users.is_email_notification AS Users__is_email_notification FROM users Users WHERE Users.email = 'mikolaj.franek95@gmail.com' LIMIT 1
2021-05-22 21:28:19 Debug: connection=default duration=0 rows=1 SELECT Users.id AS Users__id, Users.email AS Users__email, Users.password AS Users__password, Users.is_account_admin AS Users__is_account_admin, Users.is_account_active AS Users__is_account_active, Users.is_blocked AS Users__is_blocked, Users.is_email_confirmation AS Users__is_email_confirmation, Users.is_email_notification AS Users__is_email_notification FROM users Users WHERE Users.email = 'mikolaj.franek95@gmail.com' LIMIT 1
2021-05-22 21:31:03 Debug: connection=default duration=1 rows=8 SHOW FULL COLUMNS FROM `users`
2021-05-22 21:31:03 Debug: connection=default duration=0 rows=1 SHOW INDEXES FROM `users`
2021-05-22 21:31:03 Debug: connection=default duration=1 rows=0 SELECT * FROM information_schema.key_column_usage AS kcu
            INNER JOIN information_schema.referential_constraints AS rc
            ON (
                kcu.CONSTRAINT_NAME = rc.CONSTRAINT_NAME
                AND kcu.CONSTRAINT_SCHEMA = rc.CONSTRAINT_SCHEMA
            )
            WHERE kcu.TABLE_SCHEMA = 'powiadomienia' AND kcu.TABLE_NAME = 'users' AND rc.TABLE_NAME = 'users'
            ORDER BY kcu.ORDINAL_POSITION ASC
2021-05-22 21:31:03 Debug: connection=default duration=0 rows=1 SHOW TABLE STATUS WHERE Name = 'users'
2021-05-22 21:31:04 Debug: connection=default duration=0 rows=1 SELECT Users.id AS Users__id, Users.email AS Users__email, Users.password AS Users__password, Users.is_account_admin AS Users__is_account_admin, Users.is_account_active AS Users__is_account_active, Users.is_blocked AS Users__is_blocked, Users.is_email_confirmation AS Users__is_email_confirmation, Users.is_email_notification AS Users__is_email_notification FROM users Users WHERE Users.email = 'mikolaj.franek95@gmail.com' LIMIT 1
2021-05-22 21:31:51 Debug: connection=default duration=0 rows=1 SELECT Users.id AS Users__id, Users.email AS Users__email, Users.password AS Users__password, Users.is_account_admin AS Users__is_account_admin, Users.is_account_active AS Users__is_account_active, Users.is_blocked AS Users__is_blocked, Users.is_email_confirmation AS Users__is_email_confirmation, Users.is_email_notification AS Users__is_email_notification FROM users Users WHERE Users.email = 'mikolaj.franek95@gmail.com' LIMIT 1
2021-05-22 21:32:16 Debug: connection=default duration=1 rows=1 SELECT Users.id AS Users__id, Users.email AS Users__email, Users.password AS Users__password, Users.is_account_admin AS Users__is_account_admin, Users.is_account_active AS Users__is_account_active, Users.is_blocked AS Users__is_blocked, Users.is_email_confirmation AS Users__is_email_confirmation, Users.is_email_notification AS Users__is_email_notification FROM users Users WHERE Users.email = 'mikolaj.franek95@gmail.com' LIMIT 1
2021-05-22 21:32:28 Debug: connection=default duration=1 rows=1 SELECT Users.id AS Users__id, Users.email AS Users__email, Users.password AS Users__password, Users.is_account_admin AS Users__is_account_admin, Users.is_account_active AS Users__is_account_active, Users.is_blocked AS Users__is_blocked, Users.is_email_confirmation AS Users__is_email_confirmation, Users.is_email_notification AS Users__is_email_notification FROM users Users WHERE Users.email = 'mikolaj.franek95@gmail.com' LIMIT 1
2021-05-22 21:33:05 Debug: connection=default duration=1 rows=8 SHOW FULL COLUMNS FROM `users`
2021-05-22 21:33:05 Debug: connection=default duration=0 rows=1 SHOW INDEXES FROM `users`
2021-05-22 21:33:05 Debug: connection=default duration=1 rows=0 SELECT * FROM information_schema.key_column_usage AS kcu
            INNER JOIN information_schema.referential_constraints AS rc
            ON (
                kcu.CONSTRAINT_NAME = rc.CONSTRAINT_NAME
                AND kcu.CONSTRAINT_SCHEMA = rc.CONSTRAINT_SCHEMA
            )
            WHERE kcu.TABLE_SCHEMA = 'powiadomienia' AND kcu.TABLE_NAME = 'users' AND rc.TABLE_NAME = 'users'
            ORDER BY kcu.ORDINAL_POSITION ASC
2021-05-22 21:33:05 Debug: connection=default duration=0 rows=1 SHOW TABLE STATUS WHERE Name = 'users'
2021-05-22 21:33:05 Debug: connection=default duration=0 rows=1 SELECT Users.id AS Users__id, Users.email AS Users__email, Users.password AS Users__password, Users.is_account_admin AS Users__is_account_admin, Users.is_account_active AS Users__is_account_active, Users.is_blocked AS Users__is_blocked, Users.is_email_confirmation AS Users__is_email_confirmation, Users.is_email_notification AS Users__is_email_notification FROM users Users WHERE Users.email = 'mikolaj.franek95@gmail.com' LIMIT 1
2021-05-22 21:34:00 Debug: connection=default duration=0 rows=1 SELECT Users.id AS Users__id, Users.email AS Users__email, Users.password AS Users__password, Users.is_account_admin AS Users__is_account_admin, Users.is_account_active AS Users__is_account_active, Users.is_blocked AS Users__is_blocked, Users.is_email_confirmation AS Users__is_email_confirmation, Users.is_email_notification AS Users__is_email_notification FROM users Users WHERE Users.email = 'mikolaj.franek95@gmail.com' LIMIT 1
2021-05-22 21:35:59 Debug: connection=default duration=1 rows=8 SHOW FULL COLUMNS FROM `users`
2021-05-22 21:35:59 Debug: connection=default duration=0 rows=1 SHOW INDEXES FROM `users`
2021-05-22 21:35:59 Debug: connection=default duration=0 rows=0 SELECT * FROM information_schema.key_column_usage AS kcu
            INNER JOIN information_schema.referential_constraints AS rc
            ON (
                kcu.CONSTRAINT_NAME = rc.CONSTRAINT_NAME
                AND kcu.CONSTRAINT_SCHEMA = rc.CONSTRAINT_SCHEMA
            )
            WHERE kcu.TABLE_SCHEMA = 'powiadomienia' AND kcu.TABLE_NAME = 'users' AND rc.TABLE_NAME = 'users'
            ORDER BY kcu.ORDINAL_POSITION ASC
2021-05-22 21:35:59 Debug: connection=default duration=0 rows=1 SHOW TABLE STATUS WHERE Name = 'users'
2021-05-22 21:35:59 Debug: connection=default duration=0 rows=1 SELECT Users.id AS Users__id, Users.email AS Users__email, Users.password AS Users__password, Users.is_account_admin AS Users__is_account_admin, Users.is_account_active AS Users__is_account_active, Users.is_blocked AS Users__is_blocked, Users.is_email_confirmation AS Users__is_email_confirmation, Users.is_email_notification AS Users__is_email_notification FROM users Users WHERE Users.email = 'mikolaj.franek95@gmail.com' LIMIT 1
2021-05-22 21:36:41 Debug: connection=default duration=1 rows=1 SELECT Users.id AS Users__id, Users.email AS Users__email, Users.password AS Users__password, Users.is_account_admin AS Users__is_account_admin, Users.is_account_active AS Users__is_account_active, Users.is_blocked AS Users__is_blocked, Users.is_email_confirmation AS Users__is_email_confirmation, Users.is_email_notification AS Users__is_email_notification FROM users Users WHERE Users.email = 'mikolaj.franek95@gmail.com' LIMIT 1
2021-05-22 21:36:51 Debug: connection=default duration=0 rows=1 SELECT Users.id AS Users__id, Users.email AS Users__email, Users.password AS Users__password, Users.is_account_admin AS Users__is_account_admin, Users.is_account_active AS Users__is_account_active, Users.is_blocked AS Users__is_blocked, Users.is_email_confirmation AS Users__is_email_confirmation, Users.is_email_notification AS Users__is_email_notification FROM users Users WHERE Users.email = 'mikolaj.franek95@gmail.com' LIMIT 1
2021-05-22 21:49:07 Debug: connection=default duration=1 rows=8 SHOW FULL COLUMNS FROM `users`
2021-05-22 21:49:07 Debug: connection=default duration=0 rows=1 SHOW INDEXES FROM `users`
2021-05-22 21:49:07 Debug: connection=default duration=1 rows=0 SELECT * FROM information_schema.key_column_usage AS kcu
            INNER JOIN information_schema.referential_constraints AS rc
            ON (
                kcu.CONSTRAINT_NAME = rc.CONSTRAINT_NAME
                AND kcu.CONSTRAINT_SCHEMA = rc.CONSTRAINT_SCHEMA
            )
            WHERE kcu.TABLE_SCHEMA = 'powiadomienia' AND kcu.TABLE_NAME = 'users' AND rc.TABLE_NAME = 'users'
            ORDER BY kcu.ORDINAL_POSITION ASC
2021-05-22 21:49:07 Debug: connection=default duration=0 rows=1 SHOW TABLE STATUS WHERE Name = 'users'
2021-05-22 21:49:07 Debug: connection=default duration=0 rows=1 SELECT Users.id AS Users__id, Users.email AS Users__email, Users.password AS Users__password, Users.is_account_admin AS Users__is_account_admin, Users.is_account_active AS Users__is_account_active, Users.is_blocked AS Users__is_blocked, Users.is_email_confirmation AS Users__is_email_confirmation, Users.is_email_notification AS Users__is_email_notification FROM users Users WHERE Users.email = 'mikolaj.franek95@gmail.com' LIMIT 1
2021-05-22 21:51:01 Debug: connection=default duration=1 rows=1 SELECT Users.id AS Users__id, Users.email AS Users__email, Users.password AS Users__password, Users.is_account_admin AS Users__is_account_admin, Users.is_account_active AS Users__is_account_active, Users.is_blocked AS Users__is_blocked, Users.is_email_confirmation AS Users__is_email_confirmation, Users.is_email_notification AS Users__is_email_notification FROM users Users WHERE Users.email = 'mikolaj.franek95@gmail.com' LIMIT 1
2021-05-22 21:51:39 Debug: connection=default duration=1 rows=8 SHOW FULL COLUMNS FROM `users`
2021-05-22 21:51:39 Debug: connection=default duration=0 rows=1 SHOW INDEXES FROM `users`
2021-05-22 21:51:39 Debug: connection=default duration=0 rows=0 SELECT * FROM information_schema.key_column_usage AS kcu
            INNER JOIN information_schema.referential_constraints AS rc
            ON (
                kcu.CONSTRAINT_NAME = rc.CONSTRAINT_NAME
                AND kcu.CONSTRAINT_SCHEMA = rc.CONSTRAINT_SCHEMA
            )
            WHERE kcu.TABLE_SCHEMA = 'powiadomienia' AND kcu.TABLE_NAME = 'users' AND rc.TABLE_NAME = 'users'
            ORDER BY kcu.ORDINAL_POSITION ASC
2021-05-22 21:51:39 Debug: connection=default duration=0 rows=1 SHOW TABLE STATUS WHERE Name = 'users'
2021-05-22 21:51:39 Debug: connection=default duration=0 rows=1 SELECT Users.id AS Users__id, Users.email AS Users__email, Users.password AS Users__password, Users.is_account_admin AS Users__is_account_admin, Users.is_account_active AS Users__is_account_active, Users.is_blocked AS Users__is_blocked, Users.is_email_confirmation AS Users__is_email_confirmation, Users.is_email_notification AS Users__is_email_notification FROM users Users WHERE Users.email = 'mikolaj.franek95@gmail.com' LIMIT 1
2021-05-22 21:57:24 Debug: connection=default duration=1 rows=8 SHOW FULL COLUMNS FROM `users`
2021-05-22 21:57:24 Debug: connection=default duration=1 rows=1 SHOW INDEXES FROM `users`
2021-05-22 21:57:24 Debug: connection=default duration=1 rows=0 SELECT * FROM information_schema.key_column_usage AS kcu
            INNER JOIN information_schema.referential_constraints AS rc
            ON (
                kcu.CONSTRAINT_NAME = rc.CONSTRAINT_NAME
                AND kcu.CONSTRAINT_SCHEMA = rc.CONSTRAINT_SCHEMA
            )
            WHERE kcu.TABLE_SCHEMA = 'powiadomienia' AND kcu.TABLE_NAME = 'users' AND rc.TABLE_NAME = 'users'
            ORDER BY kcu.ORDINAL_POSITION ASC
2021-05-22 21:57:24 Debug: connection=default duration=0 rows=1 SHOW TABLE STATUS WHERE Name = 'users'
2021-05-22 21:57:24 Debug: connection=default duration=0 rows=1 SELECT Users.id AS Users__id, Users.email AS Users__email, Users.password AS Users__password, Users.is_account_admin AS Users__is_account_admin, Users.is_account_active AS Users__is_account_active, Users.is_blocked AS Users__is_blocked, Users.is_email_confirmation AS Users__is_email_confirmation, Users.is_email_notification AS Users__is_email_notification FROM users Users WHERE Users.email = 'mikolaj.franek95@gmail.com' LIMIT 1
2021-05-22 21:57:35 Debug: connection=default duration=0 rows=1 SELECT Users.id AS Users__id, Users.email AS Users__email, Users.password AS Users__password, Users.is_account_admin AS Users__is_account_admin, Users.is_account_active AS Users__is_account_active, Users.is_blocked AS Users__is_blocked, Users.is_email_confirmation AS Users__is_email_confirmation, Users.is_email_notification AS Users__is_email_notification FROM users Users WHERE Users.email = 'mikolaj.franek95@gmail.com' LIMIT 1
2021-05-22 21:57:40 Debug: connection=default duration=1 rows=1 SELECT Users.id AS Users__id, Users.email AS Users__email, Users.password AS Users__password, Users.is_account_admin AS Users__is_account_admin, Users.is_account_active AS Users__is_account_active, Users.is_blocked AS Users__is_blocked, Users.is_email_confirmation AS Users__is_email_confirmation, Users.is_email_notification AS Users__is_email_notification FROM users Users WHERE Users.email = 'mikolaj.franek95@gmail.com' LIMIT 1
2021-05-22 21:57:44 Debug: connection=default duration=0 rows=1 SELECT Users.id AS Users__id, Users.email AS Users__email, Users.password AS Users__password, Users.is_account_admin AS Users__is_account_admin, Users.is_account_active AS Users__is_account_active, Users.is_blocked AS Users__is_blocked, Users.is_email_confirmation AS Users__is_email_confirmation, Users.is_email_notification AS Users__is_email_notification FROM users Users WHERE Users.email = 'mikolaj.franek95@gmail.com' LIMIT 1
2021-05-22 21:58:02 Debug: connection=default duration=1 rows=1 SELECT Users.id AS Users__id, Users.email AS Users__email, Users.password AS Users__password, Users.is_account_admin AS Users__is_account_admin, Users.is_account_active AS Users__is_account_active, Users.is_blocked AS Users__is_blocked, Users.is_email_confirmation AS Users__is_email_confirmation, Users.is_email_notification AS Users__is_email_notification FROM users Users WHERE Users.email = 'mikolaj.franek95@gmail.com' LIMIT 1
2021-05-22 21:58:47 Debug: connection=default duration=1 rows=1 SELECT Users.id AS Users__id, Users.email AS Users__email, Users.password AS Users__password, Users.is_account_admin AS Users__is_account_admin, Users.is_account_active AS Users__is_account_active, Users.is_blocked AS Users__is_blocked, Users.is_email_confirmation AS Users__is_email_confirmation, Users.is_email_notification AS Users__is_email_notification FROM users Users WHERE Users.email = 'mikolaj.franek95@gmail.com' LIMIT 1
2021-05-22 21:58:54 Debug: connection=default duration=1 rows=1 SELECT Users.id AS Users__id, Users.email AS Users__email, Users.password AS Users__password, Users.is_account_admin AS Users__is_account_admin, Users.is_account_active AS Users__is_account_active, Users.is_blocked AS Users__is_blocked, Users.is_email_confirmation AS Users__is_email_confirmation, Users.is_email_notification AS Users__is_email_notification FROM users Users WHERE Users.email = 'mikolaj.franek95@gmail.com' LIMIT 1
2021-05-22 21:59:05 Debug: connection=default duration=1 rows=1 SELECT Users.id AS Users__id, Users.email AS Users__email, Users.password AS Users__password, Users.is_account_admin AS Users__is_account_admin, Users.is_account_active AS Users__is_account_active, Users.is_blocked AS Users__is_blocked, Users.is_email_confirmation AS Users__is_email_confirmation, Users.is_email_notification AS Users__is_email_notification FROM users Users WHERE Users.email = 'mikolaj.franek95@gmail.com' LIMIT 1
2021-05-22 22:03:27 Debug: connection=default duration=1 rows=8 SHOW FULL COLUMNS FROM `users`
2021-05-22 22:03:27 Debug: connection=default duration=0 rows=1 SHOW INDEXES FROM `users`
2021-05-22 22:03:27 Debug: connection=default duration=0 rows=0 SELECT * FROM information_schema.key_column_usage AS kcu
            INNER JOIN information_schema.referential_constraints AS rc
            ON (
                kcu.CONSTRAINT_NAME = rc.CONSTRAINT_NAME
                AND kcu.CONSTRAINT_SCHEMA = rc.CONSTRAINT_SCHEMA
            )
            WHERE kcu.TABLE_SCHEMA = 'powiadomienia' AND kcu.TABLE_NAME = 'users' AND rc.TABLE_NAME = 'users'
            ORDER BY kcu.ORDINAL_POSITION ASC
2021-05-22 22:03:27 Debug: connection=default duration=0 rows=1 SHOW TABLE STATUS WHERE Name = 'users'
2021-05-22 22:03:27 Debug: connection=default duration=1 rows=1 SELECT Users.id AS Users__id, Users.email AS Users__email, Users.password AS Users__password, Users.is_account_admin AS Users__is_account_admin, Users.is_account_active AS Users__is_account_active, Users.is_blocked AS Users__is_blocked, Users.is_email_confirmation AS Users__is_email_confirmation, Users.is_email_notification AS Users__is_email_notification FROM users Users WHERE Users.email = 'mikolaj.franek95@gmail.com' LIMIT 1
2021-05-22 22:05:58 Debug: connection=default duration=1 rows=8 SHOW FULL COLUMNS FROM `users`
2021-05-22 22:05:58 Debug: connection=default duration=0 rows=1 SHOW INDEXES FROM `users`
2021-05-22 22:05:58 Debug: connection=default duration=0 rows=0 SELECT * FROM information_schema.key_column_usage AS kcu
            INNER JOIN information_schema.referential_constraints AS rc
            ON (
                kcu.CONSTRAINT_NAME = rc.CONSTRAINT_NAME
                AND kcu.CONSTRAINT_SCHEMA = rc.CONSTRAINT_SCHEMA
            )
            WHERE kcu.TABLE_SCHEMA = 'powiadomienia' AND kcu.TABLE_NAME = 'users' AND rc.TABLE_NAME = 'users'
            ORDER BY kcu.ORDINAL_POSITION ASC
2021-05-22 22:05:58 Debug: connection=default duration=0 rows=1 SHOW TABLE STATUS WHERE Name = 'users'
2021-05-22 22:05:58 Debug: connection=default duration=0 rows=1 SELECT Users.id AS Users__id, Users.email AS Users__email, Users.password AS Users__password, Users.is_account_admin AS Users__is_account_admin, Users.is_account_active AS Users__is_account_active, Users.is_blocked AS Users__is_blocked, Users.is_email_confirmation AS Users__is_email_confirmation, Users.is_email_notification AS Users__is_email_notification FROM users Users WHERE Users.email = 'mikolaj.franek95@gmail.com' LIMIT 1
2021-05-22 22:07:02 Debug: connection=default duration=1 rows=1 SELECT Users.id AS Users__id, Users.email AS Users__email, Users.password AS Users__password, Users.is_account_admin AS Users__is_account_admin, Users.is_account_active AS Users__is_account_active, Users.is_blocked AS Users__is_blocked, Users.is_email_confirmation AS Users__is_email_confirmation, Users.is_email_notification AS Users__is_email_notification FROM users Users WHERE Users.email = 'mikolaj.franek95@gmail.com' LIMIT 1
2021-05-22 22:09:26 Debug: connection=default duration=1 rows=8 SHOW FULL COLUMNS FROM `users`
2021-05-22 22:09:26 Debug: connection=default duration=0 rows=1 SHOW INDEXES FROM `users`
2021-05-22 22:09:26 Debug: connection=default duration=0 rows=0 SELECT * FROM information_schema.key_column_usage AS kcu
            INNER JOIN information_schema.referential_constraints AS rc
            ON (
                kcu.CONSTRAINT_NAME = rc.CONSTRAINT_NAME
                AND kcu.CONSTRAINT_SCHEMA = rc.CONSTRAINT_SCHEMA
            )
            WHERE kcu.TABLE_SCHEMA = 'powiadomienia' AND kcu.TABLE_NAME = 'users' AND rc.TABLE_NAME = 'users'
            ORDER BY kcu.ORDINAL_POSITION ASC
2021-05-22 22:09:26 Debug: connection=default duration=0 rows=1 SHOW TABLE STATUS WHERE Name = 'users'
2021-05-22 22:09:26 Debug: connection=default duration=0 rows=1 SELECT Users.id AS Users__id, Users.email AS Users__email, Users.password AS Users__password, Users.is_account_admin AS Users__is_account_admin, Users.is_account_active AS Users__is_account_active, Users.is_blocked AS Users__is_blocked, Users.is_email_confirmation AS Users__is_email_confirmation, Users.is_email_notification AS Users__is_email_notification FROM users Users WHERE Users.email = 'mikolaj.franek95@gmail.com' LIMIT 1
2021-05-22 22:09:36 Debug: connection=default duration=1 rows=1 SELECT Users.id AS Users__id, Users.email AS Users__email, Users.password AS Users__password, Users.is_account_admin AS Users__is_account_admin, Users.is_account_active AS Users__is_account_active, Users.is_blocked AS Users__is_blocked, Users.is_email_confirmation AS Users__is_email_confirmation, Users.is_email_notification AS Users__is_email_notification FROM users Users WHERE Users.email = 'mikolaj.franek95@gmail.com' LIMIT 1
2021-05-22 22:10:11 Debug: connection=default duration=1 rows=1 SELECT Users.id AS Users__id, Users.email AS Users__email, Users.password AS Users__password, Users.is_account_admin AS Users__is_account_admin, Users.is_account_active AS Users__is_account_active, Users.is_blocked AS Users__is_blocked, Users.is_email_confirmation AS Users__is_email_confirmation, Users.is_email_notification AS Users__is_email_notification FROM users Users WHERE Users.email = 'mikolaj.franek95@gmail.com' LIMIT 1
2021-05-22 22:10:20 Debug: connection=default duration=1 rows=1 SELECT Users.id AS Users__id, Users.email AS Users__email, Users.password AS Users__password, Users.is_account_admin AS Users__is_account_admin, Users.is_account_active AS Users__is_account_active, Users.is_blocked AS Users__is_blocked, Users.is_email_confirmation AS Users__is_email_confirmation, Users.is_email_notification AS Users__is_email_notification FROM users Users WHERE Users.email = 'mikolaj.franek95@gmail.com' LIMIT 1
2021-05-22 22:10:35 Debug: connection=default duration=0 rows=1 SELECT Users.id AS Users__id, Users.email AS Users__email, Users.password AS Users__password, Users.is_account_admin AS Users__is_account_admin, Users.is_account_active AS Users__is_account_active, Users.is_blocked AS Users__is_blocked, Users.is_email_confirmation AS Users__is_email_confirmation, Users.is_email_notification AS Users__is_email_notification FROM users Users WHERE Users.email = 'mikolaj.franek95@gmail.com' LIMIT 1
2021-05-22 22:10:52 Debug: connection=default duration=0 rows=1 SELECT Users.id AS Users__id, Users.email AS Users__email, Users.password AS Users__password, Users.is_account_admin AS Users__is_account_admin, Users.is_account_active AS Users__is_account_active, Users.is_blocked AS Users__is_blocked, Users.is_email_confirmation AS Users__is_email_confirmation, Users.is_email_notification AS Users__is_email_notification FROM users Users WHERE Users.email = 'mikolaj.franek95@gmail.com' LIMIT 1
2021-05-22 22:11:19 Debug: connection=default duration=1 rows=1 SELECT Users.id AS Users__id, Users.email AS Users__email, Users.password AS Users__password, Users.is_account_admin AS Users__is_account_admin, Users.is_account_active AS Users__is_account_active, Users.is_blocked AS Users__is_blocked, Users.is_email_confirmation AS Users__is_email_confirmation, Users.is_email_notification AS Users__is_email_notification FROM users Users WHERE Users.email = 'mikolaj.franek95@gmail.com' LIMIT 1
2021-05-22 22:12:32 Debug: connection=default duration=1 rows=8 SHOW FULL COLUMNS FROM `users`
2021-05-22 22:12:32 Debug: connection=default duration=0 rows=1 SHOW INDEXES FROM `users`
2021-05-22 22:12:32 Debug: connection=default duration=0 rows=0 SELECT * FROM information_schema.key_column_usage AS kcu
            INNER JOIN information_schema.referential_constraints AS rc
            ON (
                kcu.CONSTRAINT_NAME = rc.CONSTRAINT_NAME
                AND kcu.CONSTRAINT_SCHEMA = rc.CONSTRAINT_SCHEMA
            )
            WHERE kcu.TABLE_SCHEMA = 'powiadomienia' AND kcu.TABLE_NAME = 'users' AND rc.TABLE_NAME = 'users'
            ORDER BY kcu.ORDINAL_POSITION ASC
2021-05-22 22:12:32 Debug: connection=default duration=0 rows=1 SHOW TABLE STATUS WHERE Name = 'users'
2021-05-22 22:12:32 Debug: connection=default duration=0 rows=1 SELECT Users.id AS Users__id, Users.email AS Users__email, Users.password AS Users__password, Users.is_account_admin AS Users__is_account_admin, Users.is_account_active AS Users__is_account_active, Users.is_blocked AS Users__is_blocked, Users.is_email_confirmation AS Users__is_email_confirmation, Users.is_email_notification AS Users__is_email_notification FROM users Users WHERE Users.email = 'mikolaj.franek95@gmail.com' LIMIT 1
2021-05-22 22:12:56 Debug: connection=default duration=1 rows=1 SELECT Users.id AS Users__id, Users.email AS Users__email, Users.password AS Users__password, Users.is_account_admin AS Users__is_account_admin, Users.is_account_active AS Users__is_account_active, Users.is_blocked AS Users__is_blocked, Users.is_email_confirmation AS Users__is_email_confirmation, Users.is_email_notification AS Users__is_email_notification FROM users Users WHERE Users.email = 'mikolaj.franek95@gmail.com' LIMIT 1
2021-05-22 22:13:18 Debug: connection=default duration=1 rows=1 SELECT Users.id AS Users__id, Users.email AS Users__email, Users.password AS Users__password, Users.is_account_admin AS Users__is_account_admin, Users.is_account_active AS Users__is_account_active, Users.is_blocked AS Users__is_blocked, Users.is_email_confirmation AS Users__is_email_confirmation, Users.is_email_notification AS Users__is_email_notification FROM users Users WHERE Users.email = 'mikolaj.franek95@gmail.com' LIMIT 1
2021-05-22 22:17:03 Debug: connection=default duration=1 rows=8 SHOW FULL COLUMNS FROM `users`
2021-05-22 22:17:03 Debug: connection=default duration=0 rows=1 SHOW INDEXES FROM `users`
2021-05-22 22:17:03 Debug: connection=default duration=0 rows=0 SELECT * FROM information_schema.key_column_usage AS kcu
            INNER JOIN information_schema.referential_constraints AS rc
            ON (
                kcu.CONSTRAINT_NAME = rc.CONSTRAINT_NAME
                AND kcu.CONSTRAINT_SCHEMA = rc.CONSTRAINT_SCHEMA
            )
            WHERE kcu.TABLE_SCHEMA = 'powiadomienia' AND kcu.TABLE_NAME = 'users' AND rc.TABLE_NAME = 'users'
            ORDER BY kcu.ORDINAL_POSITION ASC
2021-05-22 22:17:03 Debug: connection=default duration=0 rows=1 SHOW TABLE STATUS WHERE Name = 'users'
2021-05-22 22:17:03 Debug: connection=default duration=0 rows=1 SELECT Users.id AS Users__id, Users.email AS Users__email, Users.password AS Users__password, Users.is_account_admin AS Users__is_account_admin, Users.is_account_active AS Users__is_account_active, Users.is_blocked AS Users__is_blocked, Users.is_email_confirmation AS Users__is_email_confirmation, Users.is_email_notification AS Users__is_email_notification FROM users Users WHERE Users.email = 'mikolaj.franek95@gmail.com' LIMIT 1
2021-05-22 22:17:13 Debug: connection=default duration=0 rows=1 SELECT Users.id AS Users__id, Users.email AS Users__email, Users.password AS Users__password, Users.is_account_admin AS Users__is_account_admin, Users.is_account_active AS Users__is_account_active, Users.is_blocked AS Users__is_blocked, Users.is_email_confirmation AS Users__is_email_confirmation, Users.is_email_notification AS Users__is_email_notification FROM users Users WHERE Users.email = 'mikolaj.franek95@gmail.com' LIMIT 1
2021-05-22 22:17:58 Debug: connection=default duration=1 rows=1 SELECT Users.id AS Users__id, Users.email AS Users__email, Users.password AS Users__password, Users.is_account_admin AS Users__is_account_admin, Users.is_account_active AS Users__is_account_active, Users.is_blocked AS Users__is_blocked, Users.is_email_confirmation AS Users__is_email_confirmation, Users.is_email_notification AS Users__is_email_notification FROM users Users WHERE Users.email = 'mikolaj.franek95@gmail.com' LIMIT 1
2021-05-22 22:18:32 Debug: connection=default duration=1 rows=1 SELECT Users.id AS Users__id, Users.email AS Users__email, Users.password AS Users__password, Users.is_account_admin AS Users__is_account_admin, Users.is_account_active AS Users__is_account_active, Users.is_blocked AS Users__is_blocked, Users.is_email_confirmation AS Users__is_email_confirmation, Users.is_email_notification AS Users__is_email_notification FROM users Users WHERE Users.email = 'mikolaj.franek95@gmail.com' LIMIT 1
2021-05-22 22:25:41 Debug: connection=default duration=1 rows=8 SHOW FULL COLUMNS FROM `users`
2021-05-22 22:25:41 Debug: connection=default duration=0 rows=1 SHOW INDEXES FROM `users`
2021-05-22 22:25:41 Debug: connection=default duration=0 rows=0 SELECT * FROM information_schema.key_column_usage AS kcu
            INNER JOIN information_schema.referential_constraints AS rc
            ON (
                kcu.CONSTRAINT_NAME = rc.CONSTRAINT_NAME
                AND kcu.CONSTRAINT_SCHEMA = rc.CONSTRAINT_SCHEMA
            )
            WHERE kcu.TABLE_SCHEMA = 'powiadomienia' AND kcu.TABLE_NAME = 'users' AND rc.TABLE_NAME = 'users'
            ORDER BY kcu.ORDINAL_POSITION ASC
2021-05-22 22:25:41 Debug: connection=default duration=0 rows=1 SHOW TABLE STATUS WHERE Name = 'users'
2021-05-22 22:25:41 Debug: connection=default duration=0 rows=1 SELECT Users.id AS Users__id, Users.email AS Users__email, Users.password AS Users__password, Users.is_account_admin AS Users__is_account_admin, Users.is_account_active AS Users__is_account_active, Users.is_blocked AS Users__is_blocked, Users.is_email_confirmation AS Users__is_email_confirmation, Users.is_email_notification AS Users__is_email_notification FROM users Users WHERE Users.email = 'mikolaj.franek95@gmail.com' LIMIT 1
2021-05-22 22:31:29 Debug: connection=default duration=1 rows=8 SHOW FULL COLUMNS FROM `users`
2021-05-22 22:31:29 Debug: connection=default duration=0 rows=1 SHOW INDEXES FROM `users`
2021-05-22 22:31:29 Debug: connection=default duration=1 rows=0 SELECT * FROM information_schema.key_column_usage AS kcu
            INNER JOIN information_schema.referential_constraints AS rc
            ON (
                kcu.CONSTRAINT_NAME = rc.CONSTRAINT_NAME
                AND kcu.CONSTRAINT_SCHEMA = rc.CONSTRAINT_SCHEMA
            )
            WHERE kcu.TABLE_SCHEMA = 'powiadomienia' AND kcu.TABLE_NAME = 'users' AND rc.TABLE_NAME = 'users'
            ORDER BY kcu.ORDINAL_POSITION ASC
2021-05-22 22:31:29 Debug: connection=default duration=0 rows=1 SHOW TABLE STATUS WHERE Name = 'users'
2021-05-22 22:31:29 Debug: connection=default duration=0 rows=1 SELECT Users.id AS Users__id, Users.email AS Users__email, Users.password AS Users__password, Users.is_account_admin AS Users__is_account_admin, Users.is_account_active AS Users__is_account_active, Users.is_blocked AS Users__is_blocked, Users.is_email_confirmation AS Users__is_email_confirmation, Users.is_email_notification AS Users__is_email_notification FROM users Users WHERE Users.email = 'mikolaj.franek95@gmail.com' LIMIT 1
2021-05-22 22:34:15 Debug: connection=default duration=1 rows=8 SHOW FULL COLUMNS FROM `users`
2021-05-22 22:34:15 Debug: connection=default duration=0 rows=1 SHOW INDEXES FROM `users`
2021-05-22 22:34:15 Debug: connection=default duration=0 rows=0 SELECT * FROM information_schema.key_column_usage AS kcu
            INNER JOIN information_schema.referential_constraints AS rc
            ON (
                kcu.CONSTRAINT_NAME = rc.CONSTRAINT_NAME
                AND kcu.CONSTRAINT_SCHEMA = rc.CONSTRAINT_SCHEMA
            )
            WHERE kcu.TABLE_SCHEMA = 'powiadomienia' AND kcu.TABLE_NAME = 'users' AND rc.TABLE_NAME = 'users'
            ORDER BY kcu.ORDINAL_POSITION ASC
2021-05-22 22:34:15 Debug: connection=default duration=0 rows=1 SHOW TABLE STATUS WHERE Name = 'users'
2021-05-22 22:34:15 Debug: connection=default duration=0 rows=1 SELECT Users.id AS Users__id, Users.email AS Users__email, Users.password AS Users__password, Users.is_account_admin AS Users__is_account_admin, Users.is_account_active AS Users__is_account_active, Users.is_blocked AS Users__is_blocked, Users.is_email_confirmation AS Users__is_email_confirmation, Users.is_email_notification AS Users__is_email_notification FROM users Users WHERE Users.email = 'mikolaj.franek95@gmail.com' LIMIT 1
2021-05-22 22:34:28 Debug: connection=default duration=1 rows=1 SELECT Users.id AS Users__id, Users.email AS Users__email, Users.password AS Users__password, Users.is_account_admin AS Users__is_account_admin, Users.is_account_active AS Users__is_account_active, Users.is_blocked AS Users__is_blocked, Users.is_email_confirmation AS Users__is_email_confirmation, Users.is_email_notification AS Users__is_email_notification FROM users Users WHERE Users.email = 'mikolaj.franek95@gmail.com' LIMIT 1
2021-05-22 22:34:39 Debug: connection=default duration=0 rows=1 SELECT Users.id AS Users__id, Users.email AS Users__email, Users.password AS Users__password, Users.is_account_admin AS Users__is_account_admin, Users.is_account_active AS Users__is_account_active, Users.is_blocked AS Users__is_blocked, Users.is_email_confirmation AS Users__is_email_confirmation, Users.is_email_notification AS Users__is_email_notification FROM users Users WHERE Users.email = 'mikolaj.franek95@gmail.com' LIMIT 1
2021-05-22 22:35:22 Debug: connection=default duration=1 rows=1 SELECT Users.id AS Users__id, Users.email AS Users__email, Users.password AS Users__password, Users.is_account_admin AS Users__is_account_admin, Users.is_account_active AS Users__is_account_active, Users.is_blocked AS Users__is_blocked, Users.is_email_confirmation AS Users__is_email_confirmation, Users.is_email_notification AS Users__is_email_notification FROM users Users WHERE Users.email = 'mikolaj.franek95@gmail.com' LIMIT 1
2021-05-22 22:37:12 Debug: connection=default duration=1 rows=8 SHOW FULL COLUMNS FROM `users`
2021-05-22 22:37:12 Debug: connection=default duration=0 rows=1 SHOW INDEXES FROM `users`
2021-05-22 22:37:12 Debug: connection=default duration=0 rows=0 SELECT * FROM information_schema.key_column_usage AS kcu
            INNER JOIN information_schema.referential_constraints AS rc
            ON (
                kcu.CONSTRAINT_NAME = rc.CONSTRAINT_NAME
                AND kcu.CONSTRAINT_SCHEMA = rc.CONSTRAINT_SCHEMA
            )
            WHERE kcu.TABLE_SCHEMA = 'powiadomienia' AND kcu.TABLE_NAME = 'users' AND rc.TABLE_NAME = 'users'
            ORDER BY kcu.ORDINAL_POSITION ASC
2021-05-22 22:37:12 Debug: connection=default duration=0 rows=1 SHOW TABLE STATUS WHERE Name = 'users'
2021-05-22 22:37:12 Debug: connection=default duration=0 rows=1 SELECT Users.id AS Users__id, Users.email AS Users__email, Users.password AS Users__password, Users.is_account_admin AS Users__is_account_admin, Users.is_account_active AS Users__is_account_active, Users.is_blocked AS Users__is_blocked, Users.is_email_confirmation AS Users__is_email_confirmation, Users.is_email_notification AS Users__is_email_notification FROM users Users WHERE Users.email = 'mikolaj.franek95@gmail.com' LIMIT 1
2021-05-22 22:38:32 Debug: connection=default duration=1 rows=1 SELECT Users.id AS Users__id, Users.email AS Users__email, Users.password AS Users__password, Users.is_account_admin AS Users__is_account_admin, Users.is_account_active AS Users__is_account_active, Users.is_blocked AS Users__is_blocked, Users.is_email_confirmation AS Users__is_email_confirmation, Users.is_email_notification AS Users__is_email_notification FROM users Users WHERE Users.email = 'mikolaj.franek95@gmail.com' LIMIT 1
2021-05-22 22:41:38 Debug: connection=default duration=1 rows=8 SHOW FULL COLUMNS FROM `users`
2021-05-22 22:41:38 Debug: connection=default duration=0 rows=1 SHOW INDEXES FROM `users`
2021-05-22 22:41:38 Debug: connection=default duration=0 rows=0 SELECT * FROM information_schema.key_column_usage AS kcu
            INNER JOIN information_schema.referential_constraints AS rc
            ON (
                kcu.CONSTRAINT_NAME = rc.CONSTRAINT_NAME
                AND kcu.CONSTRAINT_SCHEMA = rc.CONSTRAINT_SCHEMA
            )
            WHERE kcu.TABLE_SCHEMA = 'powiadomienia' AND kcu.TABLE_NAME = 'users' AND rc.TABLE_NAME = 'users'
            ORDER BY kcu.ORDINAL_POSITION ASC
2021-05-22 22:41:38 Debug: connection=default duration=0 rows=1 SHOW TABLE STATUS WHERE Name = 'users'
2021-05-22 22:41:38 Debug: connection=default duration=0 rows=1 SELECT Users.id AS Users__id, Users.email AS Users__email, Users.password AS Users__password, Users.is_account_admin AS Users__is_account_admin, Users.is_account_active AS Users__is_account_active, Users.is_blocked AS Users__is_blocked, Users.is_email_confirmation AS Users__is_email_confirmation, Users.is_email_notification AS Users__is_email_notification FROM users Users WHERE Users.email = 'mikolaj.franek95@gmail.com' LIMIT 1
2021-05-22 22:42:44 Debug: connection=default duration=1 rows=1 SELECT Users.id AS Users__id, Users.email AS Users__email, Users.password AS Users__password, Users.is_account_admin AS Users__is_account_admin, Users.is_account_active AS Users__is_account_active, Users.is_blocked AS Users__is_blocked, Users.is_email_confirmation AS Users__is_email_confirmation, Users.is_email_notification AS Users__is_email_notification FROM users Users WHERE Users.email = 'mikolaj.franek95@gmail.com' LIMIT 1
