2021-03-12 19:48:31 Notice: Notice (8): Undefined variable: form in [/home/debian/Dokumenty/Projects/mikolajfranek/powiadomienia/cakephp-4-2-3/templates/Users/login.php, line 35]
Request URL: /
Referer URL: http://127.0.0.1/
Client IP: 127.0.0.1
Trace:
Cake\Error\BaseErrorHandler::handleError() - CORE/src/Error/BaseErrorHandler.php, line 188
DebugKit\Plugin::DebugKit\{closure}() - ROOT/vendor/cakephp/debug_kit/src/Plugin.php, line 105
include - ROOT/templates/Users/login.php, line 35
Cake\View\View::_evaluate() - CORE/src/View/View.php, line 1176
Cake\View\View::_render() - CORE/src/View/View.php, line 1134
Cake\View\View::render() - CORE/src/View/View.php, line 764
Cake\Controller\Controller::render() - CORE/src/Controller/Controller.php, line 699
Cake\Controller\Controller::invokeAction() - CORE/src/Controller/Controller.php, line 540
Cake\Controller\ControllerFactory::invoke() - CORE/src/Controller/ControllerFactory.php, line 151
Cake\Http\BaseApplication::handle() - CORE/src/Http/BaseApplication.php, line 313
Cake\Http\Runner::handle() - CORE/src/Http/Runner.php, line 77
Cake\Http\Middleware\CsrfProtectionMiddleware::process() - CORE/src/Http/Middleware/CsrfProtectionMiddleware.php, line 169
Cake\Http\Runner::handle() - CORE/src/Http/Runner.php, line 73
Cake\Http\Middleware\BodyParserMiddleware::process() - CORE/src/Http/Middleware/BodyParserMiddleware.php, line 159
Cake\Http\Runner::handle() - CORE/src/Http/Runner.php, line 73
Cake\Routing\Middleware\RoutingMiddleware::process() - CORE/src/Routing/Middleware/RoutingMiddleware.php, line 161
Cake\Http\Runner::handle() - CORE/src/Http/Runner.php, line 73
Cake\Routing\Middleware\AssetMiddleware::process() - CORE/src/Routing/Middleware/AssetMiddleware.php, line 68
Cake\Http\Runner::handle() - CORE/src/Http/Runner.php, line 73
Cake\Error\Middleware\ErrorHandlerMiddleware::process() - CORE/src/Error/Middleware/ErrorHandlerMiddleware.php, line 126
Cake\Http\Runner::handle() - CORE/src/Http/Runner.php, line 73
DebugKit\Middleware\DebugKitMiddleware::process() - ROOT/vendor/cakephp/debug_kit/src/Middleware/DebugKitMiddleware.php, line 60
Cake\Http\Runner::handle() - CORE/src/Http/Runner.php, line 73
Cake\Http\Runner::run() - CORE/src/Http/Runner.php, line 58
Cake\Http\Server::run() - CORE/src/Http/Server.php, line 90
[main] - ROOT/webroot/index.php, line 40

2021-03-12 19:50:11 Notice: Notice (8): Undefined variable: form in [/home/debian/Dokumenty/Projects/mikolajfranek/powiadomienia/cakephp-4-2-3/templates/Users/login.php, line 35]
Request URL: /
Referer URL: http://127.0.0.1/
Client IP: 127.0.0.1
Trace:
Cake\Error\BaseErrorHandler::handleError() - CORE/src/Error/BaseErrorHandler.php, line 188
DebugKit\Plugin::DebugKit\{closure}() - ROOT/vendor/cakephp/debug_kit/src/Plugin.php, line 105
include - ROOT/templates/Users/login.php, line 35
Cake\View\View::_evaluate() - CORE/src/View/View.php, line 1176
Cake\View\View::_render() - CORE/src/View/View.php, line 1134
Cake\View\View::render() - CORE/src/View/View.php, line 764
Cake\Controller\Controller::render() - CORE/src/Controller/Controller.php, line 699
Cake\Controller\Controller::invokeAction() - CORE/src/Controller/Controller.php, line 540
Cake\Controller\ControllerFactory::invoke() - CORE/src/Controller/ControllerFactory.php, line 151
Cake\Http\BaseApplication::handle() - CORE/src/Http/BaseApplication.php, line 313
Cake\Http\Runner::handle() - CORE/src/Http/Runner.php, line 77
Cake\Http\Middleware\CsrfProtectionMiddleware::process() - CORE/src/Http/Middleware/CsrfProtectionMiddleware.php, line 169
Cake\Http\Runner::handle() - CORE/src/Http/Runner.php, line 73
Cake\Http\Middleware\BodyParserMiddleware::process() - CORE/src/Http/Middleware/BodyParserMiddleware.php, line 159
Cake\Http\Runner::handle() - CORE/src/Http/Runner.php, line 73
Cake\Routing\Middleware\RoutingMiddleware::process() - CORE/src/Routing/Middleware/RoutingMiddleware.php, line 161
Cake\Http\Runner::handle() - CORE/src/Http/Runner.php, line 73
Cake\Routing\Middleware\AssetMiddleware::process() - CORE/src/Routing/Middleware/AssetMiddleware.php, line 68
Cake\Http\Runner::handle() - CORE/src/Http/Runner.php, line 73
Cake\Error\Middleware\ErrorHandlerMiddleware::process() - CORE/src/Error/Middleware/ErrorHandlerMiddleware.php, line 126
Cake\Http\Runner::handle() - CORE/src/Http/Runner.php, line 73
DebugKit\Middleware\DebugKitMiddleware::process() - ROOT/vendor/cakephp/debug_kit/src/Middleware/DebugKitMiddleware.php, line 60
Cake\Http\Runner::handle() - CORE/src/Http/Runner.php, line 73
Cake\Http\Runner::run() - CORE/src/Http/Runner.php, line 58
Cake\Http\Server::run() - CORE/src/Http/Server.php, line 90
[main] - ROOT/webroot/index.php, line 40

2021-03-12 19:50:14 Notice: Notice (8): Undefined variable: form in [/home/debian/Dokumenty/Projects/mikolajfranek/powiadomienia/cakephp-4-2-3/templates/Users/login.php, line 35]
Request URL: /
Referer URL: http://127.0.0.1/
Client IP: 127.0.0.1
Trace:
Cake\Error\BaseErrorHandler::handleError() - CORE/src/Error/BaseErrorHandler.php, line 188
DebugKit\Plugin::DebugKit\{closure}() - ROOT/vendor/cakephp/debug_kit/src/Plugin.php, line 105
include - ROOT/templates/Users/login.php, line 35
Cake\View\View::_evaluate() - CORE/src/View/View.php, line 1176
Cake\View\View::_render() - CORE/src/View/View.php, line 1134
Cake\View\View::render() - CORE/src/View/View.php, line 764
Cake\Controller\Controller::render() - CORE/src/Controller/Controller.php, line 699
Cake\Controller\Controller::invokeAction() - CORE/src/Controller/Controller.php, line 540
Cake\Controller\ControllerFactory::invoke() - CORE/src/Controller/ControllerFactory.php, line 151
Cake\Http\BaseApplication::handle() - CORE/src/Http/BaseApplication.php, line 313
Cake\Http\Runner::handle() - CORE/src/Http/Runner.php, line 77
Cake\Http\Middleware\CsrfProtectionMiddleware::process() - CORE/src/Http/Middleware/CsrfProtectionMiddleware.php, line 169
Cake\Http\Runner::handle() - CORE/src/Http/Runner.php, line 73
Cake\Http\Middleware\BodyParserMiddleware::process() - CORE/src/Http/Middleware/BodyParserMiddleware.php, line 159
Cake\Http\Runner::handle() - CORE/src/Http/Runner.php, line 73
Cake\Routing\Middleware\RoutingMiddleware::process() - CORE/src/Routing/Middleware/RoutingMiddleware.php, line 161
Cake\Http\Runner::handle() - CORE/src/Http/Runner.php, line 73
Cake\Routing\Middleware\AssetMiddleware::process() - CORE/src/Routing/Middleware/AssetMiddleware.php, line 68
Cake\Http\Runner::handle() - CORE/src/Http/Runner.php, line 73
Cake\Error\Middleware\ErrorHandlerMiddleware::process() - CORE/src/Error/Middleware/ErrorHandlerMiddleware.php, line 126
Cake\Http\Runner::handle() - CORE/src/Http/Runner.php, line 73
DebugKit\Middleware\DebugKitMiddleware::process() - ROOT/vendor/cakephp/debug_kit/src/Middleware/DebugKitMiddleware.php, line 60
Cake\Http\Runner::handle() - CORE/src/Http/Runner.php, line 73
Cake\Http\Runner::run() - CORE/src/Http/Runner.php, line 58
Cake\Http\Server::run() - CORE/src/Http/Server.php, line 90
[main] - ROOT/webroot/index.php, line 40

2021-03-12 20:16:54 Notice: Notice (1024): Undefined property: UsersController::$Authentication in /home/debian/Dokumenty/Projects/mikolajfranek/powiadomienia/cakephp-4-2-3/src/Controller/UsersController.php on line 16 in [/home/debian/Dokumenty/Projects/mikolajfranek/powiadomienia/cakephp-4-2-3/vendor/cakephp/cakephp/src/Controller/Controller.php, line 321]
Request URL: /?redirect=%2Fpages%2Fhome
Client IP: 127.0.0.1
Trace:
Cake\Error\BaseErrorHandler::handleError() - CORE/src/Error/BaseErrorHandler.php, line 188
DebugKit\Plugin::DebugKit\{closure}() - ROOT/vendor/cakephp/debug_kit/src/Plugin.php, line 105
Cake\Controller\Controller::__get() - CORE/src/Controller/Controller.php, line 321
App\Controller\UsersController::beforeFilter() - APP/Controller/UsersController.php, line 16
Cake\Event\EventManager::_callListener() - CORE/src/Event/EventManager.php, line 309
Cake\Event\EventManager::dispatch() - CORE/src/Event/EventManager.php, line 286
Cake\Controller\Controller::dispatchEvent() - CORE/src/Event/EventDispatcherTrait.php, line 92
Cake\Controller\Controller::startupProcess() - CORE/src/Controller/Controller.php, line 575
Cake\Controller\ControllerFactory::invoke() - CORE/src/Controller/ControllerFactory.php, line 96
Cake\Http\BaseApplication::handle() - CORE/src/Http/BaseApplication.php, line 313
Cake\Http\Runner::handle() - CORE/src/Http/Runner.php, line 77
Cake\Http\Middleware\CsrfProtectionMiddleware::process() - CORE/src/Http/Middleware/CsrfProtectionMiddleware.php, line 169
Cake\Http\Runner::handle() - CORE/src/Http/Runner.php, line 73
Cake\Http\Middleware\BodyParserMiddleware::process() - CORE/src/Http/Middleware/BodyParserMiddleware.php, line 159
Cake\Http\Runner::handle() - CORE/src/Http/Runner.php, line 73
Cake\Routing\Middleware\RoutingMiddleware::process() - CORE/src/Routing/Middleware/RoutingMiddleware.php, line 161
Cake\Http\Runner::handle() - CORE/src/Http/Runner.php, line 73
Cake\Routing\Middleware\AssetMiddleware::process() - CORE/src/Routing/Middleware/AssetMiddleware.php, line 68
Cake\Http\Runner::handle() - CORE/src/Http/Runner.php, line 73
Cake\Error\Middleware\ErrorHandlerMiddleware::process() - CORE/src/Error/Middleware/ErrorHandlerMiddleware.php, line 126
Cake\Http\Runner::handle() - CORE/src/Http/Runner.php, line 73
DebugKit\Middleware\DebugKitMiddleware::process() - ROOT/vendor/cakephp/debug_kit/src/Middleware/DebugKitMiddleware.php, line 60
Cake\Http\Runner::handle() - CORE/src/Http/Runner.php, line 73
Cake\Http\Runner::run() - CORE/src/Http/Runner.php, line 58
Cake\Http\Server::run() - CORE/src/Http/Server.php, line 90
[main] - ROOT/webroot/index.php, line 40

2021-03-12 20:17:02 Notice: Notice (1024): Undefined property: UsersController::$Authentication in /home/debian/Dokumenty/Projects/mikolajfranek/powiadomienia/cakephp-4-2-3/src/Controller/UsersController.php on line 16 in [/home/debian/Dokumenty/Projects/mikolajfranek/powiadomienia/cakephp-4-2-3/vendor/cakephp/cakephp/src/Controller/Controller.php, line 321]
Request URL: /
Client IP: 127.0.0.1
Trace:
Cake\Error\BaseErrorHandler::handleError() - CORE/src/Error/BaseErrorHandler.php, line 188
DebugKit\Plugin::DebugKit\{closure}() - ROOT/vendor/cakephp/debug_kit/src/Plugin.php, line 105
Cake\Controller\Controller::__get() - CORE/src/Controller/Controller.php, line 321
App\Controller\UsersController::beforeFilter() - APP/Controller/UsersController.php, line 16
Cake\Event\EventManager::_callListener() - CORE/src/Event/EventManager.php, line 309
Cake\Event\EventManager::dispatch() - CORE/src/Event/EventManager.php, line 286
Cake\Controller\Controller::dispatchEvent() - CORE/src/Event/EventDispatcherTrait.php, line 92
Cake\Controller\Controller::startupProcess() - CORE/src/Controller/Controller.php, line 575
Cake\Controller\ControllerFactory::invoke() - CORE/src/Controller/ControllerFactory.php, line 96
Cake\Http\BaseApplication::handle() - CORE/src/Http/BaseApplication.php, line 313
Cake\Http\Runner::handle() - CORE/src/Http/Runner.php, line 77
Cake\Http\Middleware\CsrfProtectionMiddleware::process() - CORE/src/Http/Middleware/CsrfProtectionMiddleware.php, line 169
Cake\Http\Runner::handle() - CORE/src/Http/Runner.php, line 73
Cake\Http\Middleware\BodyParserMiddleware::process() - CORE/src/Http/Middleware/BodyParserMiddleware.php, line 159
Cake\Http\Runner::handle() - CORE/src/Http/Runner.php, line 73
Cake\Routing\Middleware\RoutingMiddleware::process() - CORE/src/Routing/Middleware/RoutingMiddleware.php, line 161
Cake\Http\Runner::handle() - CORE/src/Http/Runner.php, line 73
Cake\Routing\Middleware\AssetMiddleware::process() - CORE/src/Routing/Middleware/AssetMiddleware.php, line 68
Cake\Http\Runner::handle() - CORE/src/Http/Runner.php, line 73
Cake\Error\Middleware\ErrorHandlerMiddleware::process() - CORE/src/Error/Middleware/ErrorHandlerMiddleware.php, line 126
Cake\Http\Runner::handle() - CORE/src/Http/Runner.php, line 73
DebugKit\Middleware\DebugKitMiddleware::process() - ROOT/vendor/cakephp/debug_kit/src/Middleware/DebugKitMiddleware.php, line 60
Cake\Http\Runner::handle() - CORE/src/Http/Runner.php, line 73
Cake\Http\Runner::run() - CORE/src/Http/Runner.php, line 58
Cake\Http\Server::run() - CORE/src/Http/Server.php, line 90
[main] - ROOT/webroot/index.php, line 40

2021-03-12 20:17:20 Notice: Notice (1024): Undefined property: UsersController::$Authentication in /home/debian/Dokumenty/Projects/mikolajfranek/powiadomienia/cakephp-4-2-3/src/Controller/UsersController.php on line 16 in [/home/debian/Dokumenty/Projects/mikolajfranek/powiadomienia/cakephp-4-2-3/vendor/cakephp/cakephp/src/Controller/Controller.php, line 321]
Request URL: /
Client IP: 127.0.0.1
Trace:
Cake\Error\BaseErrorHandler::handleError() - CORE/src/Error/BaseErrorHandler.php, line 188
DebugKit\Plugin::DebugKit\{closure}() - ROOT/vendor/cakephp/debug_kit/src/Plugin.php, line 105
Cake\Controller\Controller::__get() - CORE/src/Controller/Controller.php, line 321
App\Controller\UsersController::beforeFilter() - APP/Controller/UsersController.php, line 16
Cake\Event\EventManager::_callListener() - CORE/src/Event/EventManager.php, line 309
Cake\Event\EventManager::dispatch() - CORE/src/Event/EventManager.php, line 286
Cake\Controller\Controller::dispatchEvent() - CORE/src/Event/EventDispatcherTrait.php, line 92
Cake\Controller\Controller::startupProcess() - CORE/src/Controller/Controller.php, line 575
Cake\Controller\ControllerFactory::invoke() - CORE/src/Controller/ControllerFactory.php, line 96
Cake\Http\BaseApplication::handle() - CORE/src/Http/BaseApplication.php, line 313
Cake\Http\Runner::handle() - CORE/src/Http/Runner.php, line 77
Cake\Http\Middleware\CsrfProtectionMiddleware::process() - CORE/src/Http/Middleware/CsrfProtectionMiddleware.php, line 169
Cake\Http\Runner::handle() - CORE/src/Http/Runner.php, line 73
Cake\Http\Middleware\BodyParserMiddleware::process() - CORE/src/Http/Middleware/BodyParserMiddleware.php, line 159
Cake\Http\Runner::handle() - CORE/src/Http/Runner.php, line 73
Cake\Routing\Middleware\RoutingMiddleware::process() - CORE/src/Routing/Middleware/RoutingMiddleware.php, line 161
Cake\Http\Runner::handle() - CORE/src/Http/Runner.php, line 73
Cake\Routing\Middleware\AssetMiddleware::process() - CORE/src/Routing/Middleware/AssetMiddleware.php, line 68
Cake\Http\Runner::handle() - CORE/src/Http/Runner.php, line 73
Cake\Error\Middleware\ErrorHandlerMiddleware::process() - CORE/src/Error/Middleware/ErrorHandlerMiddleware.php, line 126
Cake\Http\Runner::handle() - CORE/src/Http/Runner.php, line 73
DebugKit\Middleware\DebugKitMiddleware::process() - ROOT/vendor/cakephp/debug_kit/src/Middleware/DebugKitMiddleware.php, line 60
Cake\Http\Runner::handle() - CORE/src/Http/Runner.php, line 73
Cake\Http\Runner::run() - CORE/src/Http/Runner.php, line 58
Cake\Http\Server::run() - CORE/src/Http/Server.php, line 90
[main] - ROOT/webroot/index.php, line 40

2021-03-12 20:20:08 Notice: Notice (1024): Undefined property: UsersController::$Authentication in /home/debian/Dokumenty/Projects/mikolajfranek/powiadomienia/cakephp-4-2-3/src/Controller/UsersController.php on line 20 in [/home/debian/Dokumenty/Projects/mikolajfranek/powiadomienia/cakephp-4-2-3/vendor/cakephp/cakephp/src/Controller/Controller.php, line 321]
Request URL: /
Client IP: 127.0.0.1
Trace:
Cake\Error\BaseErrorHandler::handleError() - CORE/src/Error/BaseErrorHandler.php, line 188
DebugKit\Plugin::DebugKit\{closure}() - ROOT/vendor/cakephp/debug_kit/src/Plugin.php, line 105
Cake\Controller\Controller::__get() - CORE/src/Controller/Controller.php, line 321
App\Controller\UsersController::login() - APP/Controller/UsersController.php, line 20
Cake\Controller\Controller::invokeAction() - CORE/src/Controller/Controller.php, line 531
Cake\Controller\ControllerFactory::invoke() - CORE/src/Controller/ControllerFactory.php, line 151
Cake\Http\BaseApplication::handle() - CORE/src/Http/BaseApplication.php, line 313
Cake\Http\Runner::handle() - CORE/src/Http/Runner.php, line 77
Cake\Http\Middleware\CsrfProtectionMiddleware::process() - CORE/src/Http/Middleware/CsrfProtectionMiddleware.php, line 169
Cake\Http\Runner::handle() - CORE/src/Http/Runner.php, line 73
Cake\Http\Middleware\BodyParserMiddleware::process() - CORE/src/Http/Middleware/BodyParserMiddleware.php, line 159
Cake\Http\Runner::handle() - CORE/src/Http/Runner.php, line 73
Cake\Routing\Middleware\RoutingMiddleware::process() - CORE/src/Routing/Middleware/RoutingMiddleware.php, line 161
Cake\Http\Runner::handle() - CORE/src/Http/Runner.php, line 73
Cake\Routing\Middleware\AssetMiddleware::process() - CORE/src/Routing/Middleware/AssetMiddleware.php, line 68
Cake\Http\Runner::handle() - CORE/src/Http/Runner.php, line 73
Cake\Error\Middleware\ErrorHandlerMiddleware::process() - CORE/src/Error/Middleware/ErrorHandlerMiddleware.php, line 126
Cake\Http\Runner::handle() - CORE/src/Http/Runner.php, line 73
DebugKit\Middleware\DebugKitMiddleware::process() - ROOT/vendor/cakephp/debug_kit/src/Middleware/DebugKitMiddleware.php, line 60
Cake\Http\Runner::handle() - CORE/src/Http/Runner.php, line 73
Cake\Http\Runner::run() - CORE/src/Http/Runner.php, line 58
Cake\Http\Server::run() - CORE/src/Http/Server.php, line 90
[main] - ROOT/webroot/index.php, line 40

