2020-08-28 19:35:40 Notice: Notice (8): Undefined variable: cakeDescription in [/home/ubuntu/Pulpit/eclipse-php/powiadomienia/cakephp-4-1-3/templates/layout/mxtonz.php, line 26]
Request URL: /
Referer URL: http://127.0.0.1:8080/
Client IP: 127.0.0.1
Trace:
Cake\Error\BaseErrorHandler::handleError() - CORE/src/Error/BaseErrorHandler.php, line 188
DebugKit\Plugin::DebugKit\{closure}() - ROOT/vendor/cakephp/debug_kit/src/Plugin.php, line 105
include - ROOT/templates/layout/mxtonz.php, line 26
Cake\View\View::_evaluate() - CORE/src/View/View.php, line 1176
Cake\View\View::_render() - CORE/src/View/View.php, line 1134
Cake\View\View::renderLayout() - CORE/src/View/View.php, line 816
Cake\View\View::render() - CORE/src/View/View.php, line 775
Cake\Controller\Controller::render() - CORE/src/Controller/Controller.php, line 694
App\Controller\PagesController::display() - APP/Controller/PagesController.php, line 65
Cake\Controller\Controller::invokeAction() - CORE/src/Controller/Controller.php, line 527
Cake\Controller\ControllerFactory::invoke() - CORE/src/Controller/ControllerFactory.php, line 79
Cake\Http\BaseApplication::handle() - CORE/src/Http/BaseApplication.php, line 251
Cake\Http\Runner::handle() - CORE/src/Http/Runner.php, line 77
Cake\Http\Middleware\CsrfProtectionMiddleware::process() - CORE/src/Http/Middleware/CsrfProtectionMiddleware.php, line 156
Cake\Http\Runner::handle() - CORE/src/Http/Runner.php, line 73
Cake\Http\Middleware\BodyParserMiddleware::process() - CORE/src/Http/Middleware/BodyParserMiddleware.php, line 159
Cake\Http\Runner::handle() - CORE/src/Http/Runner.php, line 73
Cake\Routing\Middleware\RoutingMiddleware::process() - CORE/src/Routing/Middleware/RoutingMiddleware.php, line 166
Cake\Http\Runner::handle() - CORE/src/Http/Runner.php, line 73
Cake\Routing\Middleware\AssetMiddleware::process() - CORE/src/Routing/Middleware/AssetMiddleware.php, line 68
Cake\Http\Runner::handle() - CORE/src/Http/Runner.php, line 73
Cake\Error\Middleware\ErrorHandlerMiddleware::process() - CORE/src/Error/Middleware/ErrorHandlerMiddleware.php, line 121
Cake\Http\Runner::handle() - CORE/src/Http/Runner.php, line 73
DebugKit\Middleware\DebugKitMiddleware::process() - ROOT/vendor/cakephp/debug_kit/src/Middleware/DebugKitMiddleware.php, line 60
Cake\Http\Runner::handle() - CORE/src/Http/Runner.php, line 73
Cake\Http\Runner::run() - CORE/src/Http/Runner.php, line 58
Cake\Http\Server::run() - CORE/src/Http/Server.php, line 90
[main] - ROOT/webroot/index.php, line 41

