2020-09-26 08:15:31 Error: /notifications/send
2020-09-26 08:15:31 Error: Dzień loterii jest nieprawidłowy.
2020-09-26 08:15:31 Error: #0 /home/ubuntu/Pulpit/eclipse-php/powiadomienia/cakephp-4-1-3/vendor/cakephp/cakephp/src/Controller/Controller.php(527): App\Controller\NotificationsController->send()
#1 /home/ubuntu/Pulpit/eclipse-php/powiadomienia/cakephp-4-1-3/vendor/cakephp/cakephp/src/Controller/ControllerFactory.php(79): Cake\Controller\Controller->invokeAction(Object(Closure), Array)
#2 /home/ubuntu/Pulpit/eclipse-php/powiadomienia/cakephp-4-1-3/vendor/cakephp/cakephp/src/Http/BaseApplication.php(251): Cake\Controller\ControllerFactory->invoke(Object(App\Controller\NotificationsController))
#3 /home/ubuntu/Pulpit/eclipse-php/powiadomienia/cakephp-4-1-3/vendor/cakephp/cakephp/src/Http/Runner.php(77): Cake\Http\BaseApplication->handle(Object(Cake\Http\ServerRequest))
#4 /home/ubuntu/Pulpit/eclipse-php/powiadomienia/cakephp-4-1-3/vendor/cakephp/cakephp/src/Http/Middleware/HttpsEnforcerMiddleware.php(81): Cake\Http\Runner->handle(Object(Cake\Http\ServerRequest))
#5 /home/ubuntu/Pulpit/eclipse-php/powiadomienia/cakephp-4-1-3/vendor/cakephp/cakephp/src/Http/Runner.php(73): Cake\Http\Middleware\HttpsEnforcerMiddleware->process(Object(Cake\Http\ServerRequest), Object(Cake\Http\Runner))
#6 /home/ubuntu/Pulpit/eclipse-php/powiadomienia/cakephp-4-1-3/vendor/cakephp/cakephp/src/Http/Middleware/CsrfProtectionMiddleware.php(156): Cake\Http\Runner->handle(Object(Cake\Http\ServerRequest))
#7 /home/ubuntu/Pulpit/eclipse-php/powiadomienia/cakephp-4-1-3/vendor/cakephp/cakephp/src/Http/Runner.php(73): Cake\Http\Middleware\CsrfProtectionMiddleware->process(Object(Cake\Http\ServerRequest), Object(Cake\Http\Runner))
#8 /home/ubuntu/Pulpit/eclipse-php/powiadomienia/cakephp-4-1-3/vendor/cakephp/cakephp/src/Http/Middleware/BodyParserMiddleware.php(159): Cake\Http\Runner->handle(Object(Cake\Http\ServerRequest))
#9 /home/ubuntu/Pulpit/eclipse-php/powiadomienia/cakephp-4-1-3/vendor/cakephp/cakephp/src/Http/Runner.php(73): Cake\Http\Middleware\BodyParserMiddleware->process(Object(Cake\Http\ServerRequest), Object(Cake\Http\Runner))
#10 /home/ubuntu/Pulpit/eclipse-php/powiadomienia/cakephp-4-1-3/vendor/cakephp/cakephp/src/Routing/Middleware/RoutingMiddleware.php(166): Cake\Http\Runner->handle(Object(Cake\Http\ServerRequest))
#11 /home/ubuntu/Pulpit/eclipse-php/powiadomienia/cakephp-4-1-3/vendor/cakephp/cakephp/src/Http/Runner.php(73): Cake\Routing\Middleware\RoutingMiddleware->process(Object(Cake\Http\ServerRequest), Object(Cake\Http\Runner))
#12 /home/ubuntu/Pulpit/eclipse-php/powiadomienia/cakephp-4-1-3/vendor/cakephp/cakephp/src/Routing/Middleware/AssetMiddleware.php(68): Cake\Http\Runner->handle(Object(Cake\Http\ServerRequest))
#13 /home/ubuntu/Pulpit/eclipse-php/powiadomienia/cakephp-4-1-3/vendor/cakephp/cakephp/src/Http/Runner.php(73): Cake\Routing\Middleware\AssetMiddleware->process(Object(Cake\Http\ServerRequest), Object(Cake\Http\Runner))
#14 /home/ubuntu/Pulpit/eclipse-php/powiadomienia/cakephp-4-1-3/vendor/cakephp/cakephp/src/Error/Middleware/ErrorHandlerMiddleware.php(121): Cake\Http\Runner->handle(Object(Cake\Http\ServerRequest))
#15 /home/ubuntu/Pulpit/eclipse-php/powiadomienia/cakephp-4-1-3/vendor/cakephp/cakephp/src/Http/Runner.php(73): Cake\Error\Middleware\ErrorHandlerMiddleware->process(Object(Cake\Http\ServerRequest), Object(Cake\Http\Runner))
#16 /home/ubuntu/Pulpit/eclipse-php/powiadomienia/cakephp-4-1-3/vendor/cakephp/debug_kit/src/Middleware/DebugKitMiddleware.php(60): Cake\Http\Runner->handle(Object(Cake\Http\ServerRequest))
#17 /home/ubuntu/Pulpit/eclipse-php/powiadomienia/cakephp-4-1-3/vendor/cakephp/cakephp/src/Http/Runner.php(73): DebugKit\Middleware\DebugKitMiddleware->process(Object(Cake\Http\ServerRequest), Object(Cake\Http\Runner))
#18 /home/ubuntu/Pulpit/eclipse-php/powiadomienia/cakephp-4-1-3/vendor/cakephp/cakephp/src/Http/Runner.php(58): Cake\Http\Runner->handle(Object(Cake\Http\ServerRequest))
#19 /home/ubuntu/Pulpit/eclipse-php/powiadomienia/cakephp-4-1-3/vendor/cakephp/cakephp/src/Http/Server.php(90): Cake\Http\Runner->run(Object(Cake\Http\MiddlewareQueue), Object(Cake\Http\ServerRequest), Object(App\Application))
#20 /home/ubuntu/Pulpit/eclipse-php/powiadomienia/cakephp-4-1-3/webroot/index.php(40): Cake\Http\Server->run()
#21 {main}
2020-09-26 08:15:32 Error: /notifications/send
2020-09-26 08:15:32 Error: SMTP server did not accept the password.
2020-09-26 08:15:32 Error: #0 /home/ubuntu/Pulpit/eclipse-php/powiadomienia/cakephp-4-1-3/vendor/cakephp/cakephp/src/Mailer/Transport/SmtpTransport.php(286): Cake\Mailer\Transport\SmtpTransport->_authLogin('mail.mikolaj.fr...', 'secret')
#1 /home/ubuntu/Pulpit/eclipse-php/powiadomienia/cakephp-4-1-3/vendor/cakephp/cakephp/src/Mailer/Transport/SmtpTransport.php(181): Cake\Mailer\Transport\SmtpTransport->_auth()
#2 /home/ubuntu/Pulpit/eclipse-php/powiadomienia/cakephp-4-1-3/vendor/cakephp/debug_kit/src/Mailer/Transport/DebugKitTransport.php(78): Cake\Mailer\Transport\SmtpTransport->send(Object(Cake\Mailer\Message))
#3 /home/ubuntu/Pulpit/eclipse-php/powiadomienia/cakephp-4-1-3/vendor/cakephp/cakephp/src/Mailer/Mailer.php(396): DebugKit\Mailer\Transport\DebugKitTransport->send(Object(Cake\Mailer\Message))
#4 /home/ubuntu/Pulpit/eclipse-php/powiadomienia/cakephp-4-1-3/src/Controller/Component/EmailProviderComponent.php(48): Cake\Mailer\Mailer->deliver('<p>Dzie\xC5\x84 loter...')
#5 /home/ubuntu/Pulpit/eclipse-php/powiadomienia/cakephp-4-1-3/src/Controller/NotificationsController.php(146): App\Controller\Component\EmailProviderComponent->sendMessageToAdmin('Exception', 'Dzie\xC5\x84 loterii ...')
#6 /home/ubuntu/Pulpit/eclipse-php/powiadomienia/cakephp-4-1-3/vendor/cakephp/cakephp/src/Controller/Controller.php(527): App\Controller\NotificationsController->send()
#7 /home/ubuntu/Pulpit/eclipse-php/powiadomienia/cakephp-4-1-3/vendor/cakephp/cakephp/src/Controller/ControllerFactory.php(79): Cake\Controller\Controller->invokeAction(Object(Closure), Array)
#8 /home/ubuntu/Pulpit/eclipse-php/powiadomienia/cakephp-4-1-3/vendor/cakephp/cakephp/src/Http/BaseApplication.php(251): Cake\Controller\ControllerFactory->invoke(Object(App\Controller\NotificationsController))
#9 /home/ubuntu/Pulpit/eclipse-php/powiadomienia/cakephp-4-1-3/vendor/cakephp/cakephp/src/Http/Runner.php(77): Cake\Http\BaseApplication->handle(Object(Cake\Http\ServerRequest))
#10 /home/ubuntu/Pulpit/eclipse-php/powiadomienia/cakephp-4-1-3/vendor/cakephp/cakephp/src/Http/Middleware/HttpsEnforcerMiddleware.php(81): Cake\Http\Runner->handle(Object(Cake\Http\ServerRequest))
#11 /home/ubuntu/Pulpit/eclipse-php/powiadomienia/cakephp-4-1-3/vendor/cakephp/cakephp/src/Http/Runner.php(73): Cake\Http\Middleware\HttpsEnforcerMiddleware->process(Object(Cake\Http\ServerRequest), Object(Cake\Http\Runner))
#12 /home/ubuntu/Pulpit/eclipse-php/powiadomienia/cakephp-4-1-3/vendor/cakephp/cakephp/src/Http/Middleware/CsrfProtectionMiddleware.php(156): Cake\Http\Runner->handle(Object(Cake\Http\ServerRequest))
#13 /home/ubuntu/Pulpit/eclipse-php/powiadomienia/cakephp-4-1-3/vendor/cakephp/cakephp/src/Http/Runner.php(73): Cake\Http\Middleware\CsrfProtectionMiddleware->process(Object(Cake\Http\ServerRequest), Object(Cake\Http\Runner))
#14 /home/ubuntu/Pulpit/eclipse-php/powiadomienia/cakephp-4-1-3/vendor/cakephp/cakephp/src/Http/Middleware/BodyParserMiddleware.php(159): Cake\Http\Runner->handle(Object(Cake\Http\ServerRequest))
#15 /home/ubuntu/Pulpit/eclipse-php/powiadomienia/cakephp-4-1-3/vendor/cakephp/cakephp/src/Http/Runner.php(73): Cake\Http\Middleware\BodyParserMiddleware->process(Object(Cake\Http\ServerRequest), Object(Cake\Http\Runner))
#16 /home/ubuntu/Pulpit/eclipse-php/powiadomienia/cakephp-4-1-3/vendor/cakephp/cakephp/src/Routing/Middleware/RoutingMiddleware.php(166): Cake\Http\Runner->handle(Object(Cake\Http\ServerRequest))
#17 /home/ubuntu/Pulpit/eclipse-php/powiadomienia/cakephp-4-1-3/vendor/cakephp/cakephp/src/Http/Runner.php(73): Cake\Routing\Middleware\RoutingMiddleware->process(Object(Cake\Http\ServerRequest), Object(Cake\Http\Runner))
#18 /home/ubuntu/Pulpit/eclipse-php/powiadomienia/cakephp-4-1-3/vendor/cakephp/cakephp/src/Routing/Middleware/AssetMiddleware.php(68): Cake\Http\Runner->handle(Object(Cake\Http\ServerRequest))
#19 /home/ubuntu/Pulpit/eclipse-php/powiadomienia/cakephp-4-1-3/vendor/cakephp/cakephp/src/Http/Runner.php(73): Cake\Routing\Middleware\AssetMiddleware->process(Object(Cake\Http\ServerRequest), Object(Cake\Http\Runner))
#20 /home/ubuntu/Pulpit/eclipse-php/powiadomienia/cakephp-4-1-3/vendor/cakephp/cakephp/src/Error/Middleware/ErrorHandlerMiddleware.php(121): Cake\Http\Runner->handle(Object(Cake\Http\ServerRequest))
#21 /home/ubuntu/Pulpit/eclipse-php/powiadomienia/cakephp-4-1-3/vendor/cakephp/cakephp/src/Http/Runner.php(73): Cake\Error\Middleware\ErrorHandlerMiddleware->process(Object(Cake\Http\ServerRequest), Object(Cake\Http\Runner))
#22 /home/ubuntu/Pulpit/eclipse-php/powiadomienia/cakephp-4-1-3/vendor/cakephp/debug_kit/src/Middleware/DebugKitMiddleware.php(60): Cake\Http\Runner->handle(Object(Cake\Http\ServerRequest))
#23 /home/ubuntu/Pulpit/eclipse-php/powiadomienia/cakephp-4-1-3/vendor/cakephp/cakephp/src/Http/Runner.php(73): DebugKit\Middleware\DebugKitMiddleware->process(Object(Cake\Http\ServerRequest), Object(Cake\Http\Runner))
#24 /home/ubuntu/Pulpit/eclipse-php/powiadomienia/cakephp-4-1-3/vendor/cakephp/cakephp/src/Http/Runner.php(58): Cake\Http\Runner->handle(Object(Cake\Http\ServerRequest))
#25 /home/ubuntu/Pulpit/eclipse-php/powiadomienia/cakephp-4-1-3/vendor/cakephp/cakephp/src/Http/Server.php(90): Cake\Http\Runner->run(Object(Cake\Http\MiddlewareQueue), Object(Cake\Http\ServerRequest), Object(App\Application))
#26 /home/ubuntu/Pulpit/eclipse-php/powiadomienia/cakephp-4-1-3/webroot/index.php(40): Cake\Http\Server->run()
#27 {main}
2020-09-26 08:16:35 Error: /notifications/send
2020-09-26 08:16:35 Error: Dzień loterii jest nieprawidłowy.
2020-09-26 08:16:35 Error: #0 /home/ubuntu/Pulpit/eclipse-php/powiadomienia/cakephp-4-1-3/vendor/cakephp/cakephp/src/Controller/Controller.php(527): App\Controller\NotificationsController->send()
#1 /home/ubuntu/Pulpit/eclipse-php/powiadomienia/cakephp-4-1-3/vendor/cakephp/cakephp/src/Controller/ControllerFactory.php(79): Cake\Controller\Controller->invokeAction(Object(Closure), Array)
#2 /home/ubuntu/Pulpit/eclipse-php/powiadomienia/cakephp-4-1-3/vendor/cakephp/cakephp/src/Http/BaseApplication.php(251): Cake\Controller\ControllerFactory->invoke(Object(App\Controller\NotificationsController))
#3 /home/ubuntu/Pulpit/eclipse-php/powiadomienia/cakephp-4-1-3/vendor/cakephp/cakephp/src/Http/Runner.php(77): Cake\Http\BaseApplication->handle(Object(Cake\Http\ServerRequest))
#4 /home/ubuntu/Pulpit/eclipse-php/powiadomienia/cakephp-4-1-3/vendor/cakephp/cakephp/src/Http/Middleware/HttpsEnforcerMiddleware.php(81): Cake\Http\Runner->handle(Object(Cake\Http\ServerRequest))
#5 /home/ubuntu/Pulpit/eclipse-php/powiadomienia/cakephp-4-1-3/vendor/cakephp/cakephp/src/Http/Runner.php(73): Cake\Http\Middleware\HttpsEnforcerMiddleware->process(Object(Cake\Http\ServerRequest), Object(Cake\Http\Runner))
#6 /home/ubuntu/Pulpit/eclipse-php/powiadomienia/cakephp-4-1-3/vendor/cakephp/cakephp/src/Http/Middleware/CsrfProtectionMiddleware.php(156): Cake\Http\Runner->handle(Object(Cake\Http\ServerRequest))
#7 /home/ubuntu/Pulpit/eclipse-php/powiadomienia/cakephp-4-1-3/vendor/cakephp/cakephp/src/Http/Runner.php(73): Cake\Http\Middleware\CsrfProtectionMiddleware->process(Object(Cake\Http\ServerRequest), Object(Cake\Http\Runner))
#8 /home/ubuntu/Pulpit/eclipse-php/powiadomienia/cakephp-4-1-3/vendor/cakephp/cakephp/src/Http/Middleware/BodyParserMiddleware.php(159): Cake\Http\Runner->handle(Object(Cake\Http\ServerRequest))
#9 /home/ubuntu/Pulpit/eclipse-php/powiadomienia/cakephp-4-1-3/vendor/cakephp/cakephp/src/Http/Runner.php(73): Cake\Http\Middleware\BodyParserMiddleware->process(Object(Cake\Http\ServerRequest), Object(Cake\Http\Runner))
#10 /home/ubuntu/Pulpit/eclipse-php/powiadomienia/cakephp-4-1-3/vendor/cakephp/cakephp/src/Routing/Middleware/RoutingMiddleware.php(166): Cake\Http\Runner->handle(Object(Cake\Http\ServerRequest))
#11 /home/ubuntu/Pulpit/eclipse-php/powiadomienia/cakephp-4-1-3/vendor/cakephp/cakephp/src/Http/Runner.php(73): Cake\Routing\Middleware\RoutingMiddleware->process(Object(Cake\Http\ServerRequest), Object(Cake\Http\Runner))
#12 /home/ubuntu/Pulpit/eclipse-php/powiadomienia/cakephp-4-1-3/vendor/cakephp/cakephp/src/Routing/Middleware/AssetMiddleware.php(68): Cake\Http\Runner->handle(Object(Cake\Http\ServerRequest))
#13 /home/ubuntu/Pulpit/eclipse-php/powiadomienia/cakephp-4-1-3/vendor/cakephp/cakephp/src/Http/Runner.php(73): Cake\Routing\Middleware\AssetMiddleware->process(Object(Cake\Http\ServerRequest), Object(Cake\Http\Runner))
#14 /home/ubuntu/Pulpit/eclipse-php/powiadomienia/cakephp-4-1-3/vendor/cakephp/cakephp/src/Error/Middleware/ErrorHandlerMiddleware.php(121): Cake\Http\Runner->handle(Object(Cake\Http\ServerRequest))
#15 /home/ubuntu/Pulpit/eclipse-php/powiadomienia/cakephp-4-1-3/vendor/cakephp/cakephp/src/Http/Runner.php(73): Cake\Error\Middleware\ErrorHandlerMiddleware->process(Object(Cake\Http\ServerRequest), Object(Cake\Http\Runner))
#16 /home/ubuntu/Pulpit/eclipse-php/powiadomienia/cakephp-4-1-3/vendor/cakephp/debug_kit/src/Middleware/DebugKitMiddleware.php(60): Cake\Http\Runner->handle(Object(Cake\Http\ServerRequest))
#17 /home/ubuntu/Pulpit/eclipse-php/powiadomienia/cakephp-4-1-3/vendor/cakephp/cakephp/src/Http/Runner.php(73): DebugKit\Middleware\DebugKitMiddleware->process(Object(Cake\Http\ServerRequest), Object(Cake\Http\Runner))
#18 /home/ubuntu/Pulpit/eclipse-php/powiadomienia/cakephp-4-1-3/vendor/cakephp/cakephp/src/Http/Runner.php(58): Cake\Http\Runner->handle(Object(Cake\Http\ServerRequest))
#19 /home/ubuntu/Pulpit/eclipse-php/powiadomienia/cakephp-4-1-3/vendor/cakephp/cakephp/src/Http/Server.php(90): Cake\Http\Runner->run(Object(Cake\Http\MiddlewareQueue), Object(Cake\Http\ServerRequest), Object(App\Application))
#20 /home/ubuntu/Pulpit/eclipse-php/powiadomienia/cakephp-4-1-3/webroot/index.php(40): Cake\Http\Server->run()
#21 {main}
2020-09-26 08:16:35 Error: /notifications/send
2020-09-26 08:16:35 Error: SMTP server did not accept the password.
2020-09-26 08:16:35 Error: #0 /home/ubuntu/Pulpit/eclipse-php/powiadomienia/cakephp-4-1-3/vendor/cakephp/cakephp/src/Mailer/Transport/SmtpTransport.php(286): Cake\Mailer\Transport\SmtpTransport->_authLogin('mail.mikolaj.fr...', 'secret')
#1 /home/ubuntu/Pulpit/eclipse-php/powiadomienia/cakephp-4-1-3/vendor/cakephp/cakephp/src/Mailer/Transport/SmtpTransport.php(181): Cake\Mailer\Transport\SmtpTransport->_auth()
#2 /home/ubuntu/Pulpit/eclipse-php/powiadomienia/cakephp-4-1-3/vendor/cakephp/debug_kit/src/Mailer/Transport/DebugKitTransport.php(78): Cake\Mailer\Transport\SmtpTransport->send(Object(Cake\Mailer\Message))
#3 /home/ubuntu/Pulpit/eclipse-php/powiadomienia/cakephp-4-1-3/vendor/cakephp/cakephp/src/Mailer/Mailer.php(396): DebugKit\Mailer\Transport\DebugKitTransport->send(Object(Cake\Mailer\Message))
#4 /home/ubuntu/Pulpit/eclipse-php/powiadomienia/cakephp-4-1-3/src/Controller/Component/EmailProviderComponent.php(48): Cake\Mailer\Mailer->deliver('<p>Dzie\xC5\x84 loter...')
#5 /home/ubuntu/Pulpit/eclipse-php/powiadomienia/cakephp-4-1-3/src/Controller/NotificationsController.php(146): App\Controller\Component\EmailProviderComponent->sendMessageToAdmin('Exception', 'Dzie\xC5\x84 loterii ...')
#6 /home/ubuntu/Pulpit/eclipse-php/powiadomienia/cakephp-4-1-3/vendor/cakephp/cakephp/src/Controller/Controller.php(527): App\Controller\NotificationsController->send()
#7 /home/ubuntu/Pulpit/eclipse-php/powiadomienia/cakephp-4-1-3/vendor/cakephp/cakephp/src/Controller/ControllerFactory.php(79): Cake\Controller\Controller->invokeAction(Object(Closure), Array)
#8 /home/ubuntu/Pulpit/eclipse-php/powiadomienia/cakephp-4-1-3/vendor/cakephp/cakephp/src/Http/BaseApplication.php(251): Cake\Controller\ControllerFactory->invoke(Object(App\Controller\NotificationsController))
#9 /home/ubuntu/Pulpit/eclipse-php/powiadomienia/cakephp-4-1-3/vendor/cakephp/cakephp/src/Http/Runner.php(77): Cake\Http\BaseApplication->handle(Object(Cake\Http\ServerRequest))
#10 /home/ubuntu/Pulpit/eclipse-php/powiadomienia/cakephp-4-1-3/vendor/cakephp/cakephp/src/Http/Middleware/HttpsEnforcerMiddleware.php(81): Cake\Http\Runner->handle(Object(Cake\Http\ServerRequest))
#11 /home/ubuntu/Pulpit/eclipse-php/powiadomienia/cakephp-4-1-3/vendor/cakephp/cakephp/src/Http/Runner.php(73): Cake\Http\Middleware\HttpsEnforcerMiddleware->process(Object(Cake\Http\ServerRequest), Object(Cake\Http\Runner))
#12 /home/ubuntu/Pulpit/eclipse-php/powiadomienia/cakephp-4-1-3/vendor/cakephp/cakephp/src/Http/Middleware/CsrfProtectionMiddleware.php(156): Cake\Http\Runner->handle(Object(Cake\Http\ServerRequest))
#13 /home/ubuntu/Pulpit/eclipse-php/powiadomienia/cakephp-4-1-3/vendor/cakephp/cakephp/src/Http/Runner.php(73): Cake\Http\Middleware\CsrfProtectionMiddleware->process(Object(Cake\Http\ServerRequest), Object(Cake\Http\Runner))
#14 /home/ubuntu/Pulpit/eclipse-php/powiadomienia/cakephp-4-1-3/vendor/cakephp/cakephp/src/Http/Middleware/BodyParserMiddleware.php(159): Cake\Http\Runner->handle(Object(Cake\Http\ServerRequest))
#15 /home/ubuntu/Pulpit/eclipse-php/powiadomienia/cakephp-4-1-3/vendor/cakephp/cakephp/src/Http/Runner.php(73): Cake\Http\Middleware\BodyParserMiddleware->process(Object(Cake\Http\ServerRequest), Object(Cake\Http\Runner))
#16 /home/ubuntu/Pulpit/eclipse-php/powiadomienia/cakephp-4-1-3/vendor/cakephp/cakephp/src/Routing/Middleware/RoutingMiddleware.php(166): Cake\Http\Runner->handle(Object(Cake\Http\ServerRequest))
#17 /home/ubuntu/Pulpit/eclipse-php/powiadomienia/cakephp-4-1-3/vendor/cakephp/cakephp/src/Http/Runner.php(73): Cake\Routing\Middleware\RoutingMiddleware->process(Object(Cake\Http\ServerRequest), Object(Cake\Http\Runner))
#18 /home/ubuntu/Pulpit/eclipse-php/powiadomienia/cakephp-4-1-3/vendor/cakephp/cakephp/src/Routing/Middleware/AssetMiddleware.php(68): Cake\Http\Runner->handle(Object(Cake\Http\ServerRequest))
#19 /home/ubuntu/Pulpit/eclipse-php/powiadomienia/cakephp-4-1-3/vendor/cakephp/cakephp/src/Http/Runner.php(73): Cake\Routing\Middleware\AssetMiddleware->process(Object(Cake\Http\ServerRequest), Object(Cake\Http\Runner))
#20 /home/ubuntu/Pulpit/eclipse-php/powiadomienia/cakephp-4-1-3/vendor/cakephp/cakephp/src/Error/Middleware/ErrorHandlerMiddleware.php(121): Cake\Http\Runner->handle(Object(Cake\Http\ServerRequest))
#21 /home/ubuntu/Pulpit/eclipse-php/powiadomienia/cakephp-4-1-3/vendor/cakephp/cakephp/src/Http/Runner.php(73): Cake\Error\Middleware\ErrorHandlerMiddleware->process(Object(Cake\Http\ServerRequest), Object(Cake\Http\Runner))
#22 /home/ubuntu/Pulpit/eclipse-php/powiadomienia/cakephp-4-1-3/vendor/cakephp/debug_kit/src/Middleware/DebugKitMiddleware.php(60): Cake\Http\Runner->handle(Object(Cake\Http\ServerRequest))
#23 /home/ubuntu/Pulpit/eclipse-php/powiadomienia/cakephp-4-1-3/vendor/cakephp/cakephp/src/Http/Runner.php(73): DebugKit\Middleware\DebugKitMiddleware->process(Object(Cake\Http\ServerRequest), Object(Cake\Http\Runner))
#24 /home/ubuntu/Pulpit/eclipse-php/powiadomienia/cakephp-4-1-3/vendor/cakephp/cakephp/src/Http/Runner.php(58): Cake\Http\Runner->handle(Object(Cake\Http\ServerRequest))
#25 /home/ubuntu/Pulpit/eclipse-php/powiadomienia/cakephp-4-1-3/vendor/cakephp/cakephp/src/Http/Server.php(90): Cake\Http\Runner->run(Object(Cake\Http\MiddlewareQueue), Object(Cake\Http\ServerRequest), Object(App\Application))
#26 /home/ubuntu/Pulpit/eclipse-php/powiadomienia/cakephp-4-1-3/webroot/index.php(40): Cake\Http\Server->run()
#27 {main}
2020-09-26 08:16:41 Error: /notifications/send
2020-09-26 08:16:41 Error: Dzień loterii jest nieprawidłowy.
2020-09-26 08:16:41 Error: #0 /home/ubuntu/Pulpit/eclipse-php/powiadomienia/cakephp-4-1-3/vendor/cakephp/cakephp/src/Controller/Controller.php(527): App\Controller\NotificationsController->send()
#1 /home/ubuntu/Pulpit/eclipse-php/powiadomienia/cakephp-4-1-3/vendor/cakephp/cakephp/src/Controller/ControllerFactory.php(79): Cake\Controller\Controller->invokeAction(Object(Closure), Array)
#2 /home/ubuntu/Pulpit/eclipse-php/powiadomienia/cakephp-4-1-3/vendor/cakephp/cakephp/src/Http/BaseApplication.php(251): Cake\Controller\ControllerFactory->invoke(Object(App\Controller\NotificationsController))
#3 /home/ubuntu/Pulpit/eclipse-php/powiadomienia/cakephp-4-1-3/vendor/cakephp/cakephp/src/Http/Runner.php(77): Cake\Http\BaseApplication->handle(Object(Cake\Http\ServerRequest))
#4 /home/ubuntu/Pulpit/eclipse-php/powiadomienia/cakephp-4-1-3/vendor/cakephp/cakephp/src/Http/Middleware/HttpsEnforcerMiddleware.php(81): Cake\Http\Runner->handle(Object(Cake\Http\ServerRequest))
#5 /home/ubuntu/Pulpit/eclipse-php/powiadomienia/cakephp-4-1-3/vendor/cakephp/cakephp/src/Http/Runner.php(73): Cake\Http\Middleware\HttpsEnforcerMiddleware->process(Object(Cake\Http\ServerRequest), Object(Cake\Http\Runner))
#6 /home/ubuntu/Pulpit/eclipse-php/powiadomienia/cakephp-4-1-3/vendor/cakephp/cakephp/src/Http/Middleware/CsrfProtectionMiddleware.php(156): Cake\Http\Runner->handle(Object(Cake\Http\ServerRequest))
#7 /home/ubuntu/Pulpit/eclipse-php/powiadomienia/cakephp-4-1-3/vendor/cakephp/cakephp/src/Http/Runner.php(73): Cake\Http\Middleware\CsrfProtectionMiddleware->process(Object(Cake\Http\ServerRequest), Object(Cake\Http\Runner))
#8 /home/ubuntu/Pulpit/eclipse-php/powiadomienia/cakephp-4-1-3/vendor/cakephp/cakephp/src/Http/Middleware/BodyParserMiddleware.php(159): Cake\Http\Runner->handle(Object(Cake\Http\ServerRequest))
#9 /home/ubuntu/Pulpit/eclipse-php/powiadomienia/cakephp-4-1-3/vendor/cakephp/cakephp/src/Http/Runner.php(73): Cake\Http\Middleware\BodyParserMiddleware->process(Object(Cake\Http\ServerRequest), Object(Cake\Http\Runner))
#10 /home/ubuntu/Pulpit/eclipse-php/powiadomienia/cakephp-4-1-3/vendor/cakephp/cakephp/src/Routing/Middleware/RoutingMiddleware.php(166): Cake\Http\Runner->handle(Object(Cake\Http\ServerRequest))
#11 /home/ubuntu/Pulpit/eclipse-php/powiadomienia/cakephp-4-1-3/vendor/cakephp/cakephp/src/Http/Runner.php(73): Cake\Routing\Middleware\RoutingMiddleware->process(Object(Cake\Http\ServerRequest), Object(Cake\Http\Runner))
#12 /home/ubuntu/Pulpit/eclipse-php/powiadomienia/cakephp-4-1-3/vendor/cakephp/cakephp/src/Routing/Middleware/AssetMiddleware.php(68): Cake\Http\Runner->handle(Object(Cake\Http\ServerRequest))
#13 /home/ubuntu/Pulpit/eclipse-php/powiadomienia/cakephp-4-1-3/vendor/cakephp/cakephp/src/Http/Runner.php(73): Cake\Routing\Middleware\AssetMiddleware->process(Object(Cake\Http\ServerRequest), Object(Cake\Http\Runner))
#14 /home/ubuntu/Pulpit/eclipse-php/powiadomienia/cakephp-4-1-3/vendor/cakephp/cakephp/src/Error/Middleware/ErrorHandlerMiddleware.php(121): Cake\Http\Runner->handle(Object(Cake\Http\ServerRequest))
#15 /home/ubuntu/Pulpit/eclipse-php/powiadomienia/cakephp-4-1-3/vendor/cakephp/cakephp/src/Http/Runner.php(73): Cake\Error\Middleware\ErrorHandlerMiddleware->process(Object(Cake\Http\ServerRequest), Object(Cake\Http\Runner))
#16 /home/ubuntu/Pulpit/eclipse-php/powiadomienia/cakephp-4-1-3/vendor/cakephp/debug_kit/src/Middleware/DebugKitMiddleware.php(60): Cake\Http\Runner->handle(Object(Cake\Http\ServerRequest))
#17 /home/ubuntu/Pulpit/eclipse-php/powiadomienia/cakephp-4-1-3/vendor/cakephp/cakephp/src/Http/Runner.php(73): DebugKit\Middleware\DebugKitMiddleware->process(Object(Cake\Http\ServerRequest), Object(Cake\Http\Runner))
#18 /home/ubuntu/Pulpit/eclipse-php/powiadomienia/cakephp-4-1-3/vendor/cakephp/cakephp/src/Http/Runner.php(58): Cake\Http\Runner->handle(Object(Cake\Http\ServerRequest))
#19 /home/ubuntu/Pulpit/eclipse-php/powiadomienia/cakephp-4-1-3/vendor/cakephp/cakephp/src/Http/Server.php(90): Cake\Http\Runner->run(Object(Cake\Http\MiddlewareQueue), Object(Cake\Http\ServerRequest), Object(App\Application))
#20 /home/ubuntu/Pulpit/eclipse-php/powiadomienia/cakephp-4-1-3/webroot/index.php(40): Cake\Http\Server->run()
#21 {main}
2020-09-26 08:16:42 Error: /notifications/send
2020-09-26 08:16:42 Error: SMTP server did not accept the password.
2020-09-26 08:16:42 Error: #0 /home/ubuntu/Pulpit/eclipse-php/powiadomienia/cakephp-4-1-3/vendor/cakephp/cakephp/src/Mailer/Transport/SmtpTransport.php(286): Cake\Mailer\Transport\SmtpTransport->_authLogin('mail.mikolaj.fr...', 'secret')
#1 /home/ubuntu/Pulpit/eclipse-php/powiadomienia/cakephp-4-1-3/vendor/cakephp/cakephp/src/Mailer/Transport/SmtpTransport.php(181): Cake\Mailer\Transport\SmtpTransport->_auth()
#2 /home/ubuntu/Pulpit/eclipse-php/powiadomienia/cakephp-4-1-3/vendor/cakephp/debug_kit/src/Mailer/Transport/DebugKitTransport.php(78): Cake\Mailer\Transport\SmtpTransport->send(Object(Cake\Mailer\Message))
#3 /home/ubuntu/Pulpit/eclipse-php/powiadomienia/cakephp-4-1-3/vendor/cakephp/cakephp/src/Mailer/Mailer.php(396): DebugKit\Mailer\Transport\DebugKitTransport->send(Object(Cake\Mailer\Message))
#4 /home/ubuntu/Pulpit/eclipse-php/powiadomienia/cakephp-4-1-3/src/Controller/Component/EmailProviderComponent.php(48): Cake\Mailer\Mailer->deliver('<p>Dzie\xC5\x84 loter...')
#5 /home/ubuntu/Pulpit/eclipse-php/powiadomienia/cakephp-4-1-3/src/Controller/NotificationsController.php(145): App\Controller\Component\EmailProviderComponent->sendMessageToAdmin('Exception', 'Dzie\xC5\x84 loterii ...')
#6 /home/ubuntu/Pulpit/eclipse-php/powiadomienia/cakephp-4-1-3/vendor/cakephp/cakephp/src/Controller/Controller.php(527): App\Controller\NotificationsController->send()
#7 /home/ubuntu/Pulpit/eclipse-php/powiadomienia/cakephp-4-1-3/vendor/cakephp/cakephp/src/Controller/ControllerFactory.php(79): Cake\Controller\Controller->invokeAction(Object(Closure), Array)
#8 /home/ubuntu/Pulpit/eclipse-php/powiadomienia/cakephp-4-1-3/vendor/cakephp/cakephp/src/Http/BaseApplication.php(251): Cake\Controller\ControllerFactory->invoke(Object(App\Controller\NotificationsController))
#9 /home/ubuntu/Pulpit/eclipse-php/powiadomienia/cakephp-4-1-3/vendor/cakephp/cakephp/src/Http/Runner.php(77): Cake\Http\BaseApplication->handle(Object(Cake\Http\ServerRequest))
#10 /home/ubuntu/Pulpit/eclipse-php/powiadomienia/cakephp-4-1-3/vendor/cakephp/cakephp/src/Http/Middleware/HttpsEnforcerMiddleware.php(81): Cake\Http\Runner->handle(Object(Cake\Http\ServerRequest))
#11 /home/ubuntu/Pulpit/eclipse-php/powiadomienia/cakephp-4-1-3/vendor/cakephp/cakephp/src/Http/Runner.php(73): Cake\Http\Middleware\HttpsEnforcerMiddleware->process(Object(Cake\Http\ServerRequest), Object(Cake\Http\Runner))
#12 /home/ubuntu/Pulpit/eclipse-php/powiadomienia/cakephp-4-1-3/vendor/cakephp/cakephp/src/Http/Middleware/CsrfProtectionMiddleware.php(156): Cake\Http\Runner->handle(Object(Cake\Http\ServerRequest))
#13 /home/ubuntu/Pulpit/eclipse-php/powiadomienia/cakephp-4-1-3/vendor/cakephp/cakephp/src/Http/Runner.php(73): Cake\Http\Middleware\CsrfProtectionMiddleware->process(Object(Cake\Http\ServerRequest), Object(Cake\Http\Runner))
#14 /home/ubuntu/Pulpit/eclipse-php/powiadomienia/cakephp-4-1-3/vendor/cakephp/cakephp/src/Http/Middleware/BodyParserMiddleware.php(159): Cake\Http\Runner->handle(Object(Cake\Http\ServerRequest))
#15 /home/ubuntu/Pulpit/eclipse-php/powiadomienia/cakephp-4-1-3/vendor/cakephp/cakephp/src/Http/Runner.php(73): Cake\Http\Middleware\BodyParserMiddleware->process(Object(Cake\Http\ServerRequest), Object(Cake\Http\Runner))
#16 /home/ubuntu/Pulpit/eclipse-php/powiadomienia/cakephp-4-1-3/vendor/cakephp/cakephp/src/Routing/Middleware/RoutingMiddleware.php(166): Cake\Http\Runner->handle(Object(Cake\Http\ServerRequest))
#17 /home/ubuntu/Pulpit/eclipse-php/powiadomienia/cakephp-4-1-3/vendor/cakephp/cakephp/src/Http/Runner.php(73): Cake\Routing\Middleware\RoutingMiddleware->process(Object(Cake\Http\ServerRequest), Object(Cake\Http\Runner))
#18 /home/ubuntu/Pulpit/eclipse-php/powiadomienia/cakephp-4-1-3/vendor/cakephp/cakephp/src/Routing/Middleware/AssetMiddleware.php(68): Cake\Http\Runner->handle(Object(Cake\Http\ServerRequest))
#19 /home/ubuntu/Pulpit/eclipse-php/powiadomienia/cakephp-4-1-3/vendor/cakephp/cakephp/src/Http/Runner.php(73): Cake\Routing\Middleware\AssetMiddleware->process(Object(Cake\Http\ServerRequest), Object(Cake\Http\Runner))
#20 /home/ubuntu/Pulpit/eclipse-php/powiadomienia/cakephp-4-1-3/vendor/cakephp/cakephp/src/Error/Middleware/ErrorHandlerMiddleware.php(121): Cake\Http\Runner->handle(Object(Cake\Http\ServerRequest))
#21 /home/ubuntu/Pulpit/eclipse-php/powiadomienia/cakephp-4-1-3/vendor/cakephp/cakephp/src/Http/Runner.php(73): Cake\Error\Middleware\ErrorHandlerMiddleware->process(Object(Cake\Http\ServerRequest), Object(Cake\Http\Runner))
#22 /home/ubuntu/Pulpit/eclipse-php/powiadomienia/cakephp-4-1-3/vendor/cakephp/debug_kit/src/Middleware/DebugKitMiddleware.php(60): Cake\Http\Runner->handle(Object(Cake\Http\ServerRequest))
#23 /home/ubuntu/Pulpit/eclipse-php/powiadomienia/cakephp-4-1-3/vendor/cakephp/cakephp/src/Http/Runner.php(73): DebugKit\Middleware\DebugKitMiddleware->process(Object(Cake\Http\ServerRequest), Object(Cake\Http\Runner))
#24 /home/ubuntu/Pulpit/eclipse-php/powiadomienia/cakephp-4-1-3/vendor/cakephp/cakephp/src/Http/Runner.php(58): Cake\Http\Runner->handle(Object(Cake\Http\ServerRequest))
#25 /home/ubuntu/Pulpit/eclipse-php/powiadomienia/cakephp-4-1-3/vendor/cakephp/cakephp/src/Http/Server.php(90): Cake\Http\Runner->run(Object(Cake\Http\MiddlewareQueue), Object(Cake\Http\ServerRequest), Object(App\Application))
#26 /home/ubuntu/Pulpit/eclipse-php/powiadomienia/cakephp-4-1-3/webroot/index.php(40): Cake\Http\Server->run()
#27 {main}
2020-09-26 08:18:31 Error: /notifications/send
2020-09-26 08:18:31 Error: Dzień loterii jest nieprawidłowy.
2020-09-26 08:18:31 Error: #0 /home/ubuntu/Pulpit/eclipse-php/powiadomienia/cakephp-4-1-3/vendor/cakephp/cakephp/src/Controller/Controller.php(527): App\Controller\NotificationsController->send()
#1 /home/ubuntu/Pulpit/eclipse-php/powiadomienia/cakephp-4-1-3/vendor/cakephp/cakephp/src/Controller/ControllerFactory.php(79): Cake\Controller\Controller->invokeAction(Object(Closure), Array)
#2 /home/ubuntu/Pulpit/eclipse-php/powiadomienia/cakephp-4-1-3/vendor/cakephp/cakephp/src/Http/BaseApplication.php(251): Cake\Controller\ControllerFactory->invoke(Object(App\Controller\NotificationsController))
#3 /home/ubuntu/Pulpit/eclipse-php/powiadomienia/cakephp-4-1-3/vendor/cakephp/cakephp/src/Http/Runner.php(77): Cake\Http\BaseApplication->handle(Object(Cake\Http\ServerRequest))
#4 /home/ubuntu/Pulpit/eclipse-php/powiadomienia/cakephp-4-1-3/vendor/cakephp/cakephp/src/Http/Middleware/HttpsEnforcerMiddleware.php(81): Cake\Http\Runner->handle(Object(Cake\Http\ServerRequest))
#5 /home/ubuntu/Pulpit/eclipse-php/powiadomienia/cakephp-4-1-3/vendor/cakephp/cakephp/src/Http/Runner.php(73): Cake\Http\Middleware\HttpsEnforcerMiddleware->process(Object(Cake\Http\ServerRequest), Object(Cake\Http\Runner))
#6 /home/ubuntu/Pulpit/eclipse-php/powiadomienia/cakephp-4-1-3/vendor/cakephp/cakephp/src/Http/Middleware/CsrfProtectionMiddleware.php(156): Cake\Http\Runner->handle(Object(Cake\Http\ServerRequest))
#7 /home/ubuntu/Pulpit/eclipse-php/powiadomienia/cakephp-4-1-3/vendor/cakephp/cakephp/src/Http/Runner.php(73): Cake\Http\Middleware\CsrfProtectionMiddleware->process(Object(Cake\Http\ServerRequest), Object(Cake\Http\Runner))
#8 /home/ubuntu/Pulpit/eclipse-php/powiadomienia/cakephp-4-1-3/vendor/cakephp/cakephp/src/Http/Middleware/BodyParserMiddleware.php(159): Cake\Http\Runner->handle(Object(Cake\Http\ServerRequest))
#9 /home/ubuntu/Pulpit/eclipse-php/powiadomienia/cakephp-4-1-3/vendor/cakephp/cakephp/src/Http/Runner.php(73): Cake\Http\Middleware\BodyParserMiddleware->process(Object(Cake\Http\ServerRequest), Object(Cake\Http\Runner))
#10 /home/ubuntu/Pulpit/eclipse-php/powiadomienia/cakephp-4-1-3/vendor/cakephp/cakephp/src/Routing/Middleware/RoutingMiddleware.php(166): Cake\Http\Runner->handle(Object(Cake\Http\ServerRequest))
#11 /home/ubuntu/Pulpit/eclipse-php/powiadomienia/cakephp-4-1-3/vendor/cakephp/cakephp/src/Http/Runner.php(73): Cake\Routing\Middleware\RoutingMiddleware->process(Object(Cake\Http\ServerRequest), Object(Cake\Http\Runner))
#12 /home/ubuntu/Pulpit/eclipse-php/powiadomienia/cakephp-4-1-3/vendor/cakephp/cakephp/src/Routing/Middleware/AssetMiddleware.php(68): Cake\Http\Runner->handle(Object(Cake\Http\ServerRequest))
#13 /home/ubuntu/Pulpit/eclipse-php/powiadomienia/cakephp-4-1-3/vendor/cakephp/cakephp/src/Http/Runner.php(73): Cake\Routing\Middleware\AssetMiddleware->process(Object(Cake\Http\ServerRequest), Object(Cake\Http\Runner))
#14 /home/ubuntu/Pulpit/eclipse-php/powiadomienia/cakephp-4-1-3/vendor/cakephp/cakephp/src/Error/Middleware/ErrorHandlerMiddleware.php(121): Cake\Http\Runner->handle(Object(Cake\Http\ServerRequest))
#15 /home/ubuntu/Pulpit/eclipse-php/powiadomienia/cakephp-4-1-3/vendor/cakephp/cakephp/src/Http/Runner.php(73): Cake\Error\Middleware\ErrorHandlerMiddleware->process(Object(Cake\Http\ServerRequest), Object(Cake\Http\Runner))
#16 /home/ubuntu/Pulpit/eclipse-php/powiadomienia/cakephp-4-1-3/vendor/cakephp/debug_kit/src/Middleware/DebugKitMiddleware.php(60): Cake\Http\Runner->handle(Object(Cake\Http\ServerRequest))
#17 /home/ubuntu/Pulpit/eclipse-php/powiadomienia/cakephp-4-1-3/vendor/cakephp/cakephp/src/Http/Runner.php(73): DebugKit\Middleware\DebugKitMiddleware->process(Object(Cake\Http\ServerRequest), Object(Cake\Http\Runner))
#18 /home/ubuntu/Pulpit/eclipse-php/powiadomienia/cakephp-4-1-3/vendor/cakephp/cakephp/src/Http/Runner.php(58): Cake\Http\Runner->handle(Object(Cake\Http\ServerRequest))
#19 /home/ubuntu/Pulpit/eclipse-php/powiadomienia/cakephp-4-1-3/vendor/cakephp/cakephp/src/Http/Server.php(90): Cake\Http\Runner->run(Object(Cake\Http\MiddlewareQueue), Object(Cake\Http\ServerRequest), Object(App\Application))
#20 /home/ubuntu/Pulpit/eclipse-php/powiadomienia/cakephp-4-1-3/webroot/index.php(40): Cake\Http\Server->run()
#21 {main}
2020-09-26 08:18:31 Error: /notifications/send
2020-09-26 08:18:31 Error: SMTP server did not accept the password.
2020-09-26 08:18:31 Error: #0 /home/ubuntu/Pulpit/eclipse-php/powiadomienia/cakephp-4-1-3/vendor/cakephp/cakephp/src/Mailer/Transport/SmtpTransport.php(286): Cake\Mailer\Transport\SmtpTransport->_authLogin('mail.mikolaj.fr...', 'secret')
#1 /home/ubuntu/Pulpit/eclipse-php/powiadomienia/cakephp-4-1-3/vendor/cakephp/cakephp/src/Mailer/Transport/SmtpTransport.php(181): Cake\Mailer\Transport\SmtpTransport->_auth()
#2 /home/ubuntu/Pulpit/eclipse-php/powiadomienia/cakephp-4-1-3/vendor/cakephp/debug_kit/src/Mailer/Transport/DebugKitTransport.php(78): Cake\Mailer\Transport\SmtpTransport->send(Object(Cake\Mailer\Message))
#3 /home/ubuntu/Pulpit/eclipse-php/powiadomienia/cakephp-4-1-3/vendor/cakephp/cakephp/src/Mailer/Mailer.php(396): DebugKit\Mailer\Transport\DebugKitTransport->send(Object(Cake\Mailer\Message))
#4 /home/ubuntu/Pulpit/eclipse-php/powiadomienia/cakephp-4-1-3/src/Controller/Component/EmailProviderComponent.php(48): Cake\Mailer\Mailer->deliver('<p>Dzie\xC5\x84 loter...')
#5 /home/ubuntu/Pulpit/eclipse-php/powiadomienia/cakephp-4-1-3/src/Controller/NotificationsController.php(146): App\Controller\Component\EmailProviderComponent->sendMessageToAdmin('Exception', 'Dzie\xC5\x84 loterii ...')
#6 /home/ubuntu/Pulpit/eclipse-php/powiadomienia/cakephp-4-1-3/vendor/cakephp/cakephp/src/Controller/Controller.php(527): App\Controller\NotificationsController->send()
#7 /home/ubuntu/Pulpit/eclipse-php/powiadomienia/cakephp-4-1-3/vendor/cakephp/cakephp/src/Controller/ControllerFactory.php(79): Cake\Controller\Controller->invokeAction(Object(Closure), Array)
#8 /home/ubuntu/Pulpit/eclipse-php/powiadomienia/cakephp-4-1-3/vendor/cakephp/cakephp/src/Http/BaseApplication.php(251): Cake\Controller\ControllerFactory->invoke(Object(App\Controller\NotificationsController))
#9 /home/ubuntu/Pulpit/eclipse-php/powiadomienia/cakephp-4-1-3/vendor/cakephp/cakephp/src/Http/Runner.php(77): Cake\Http\BaseApplication->handle(Object(Cake\Http\ServerRequest))
#10 /home/ubuntu/Pulpit/eclipse-php/powiadomienia/cakephp-4-1-3/vendor/cakephp/cakephp/src/Http/Middleware/HttpsEnforcerMiddleware.php(81): Cake\Http\Runner->handle(Object(Cake\Http\ServerRequest))
#11 /home/ubuntu/Pulpit/eclipse-php/powiadomienia/cakephp-4-1-3/vendor/cakephp/cakephp/src/Http/Runner.php(73): Cake\Http\Middleware\HttpsEnforcerMiddleware->process(Object(Cake\Http\ServerRequest), Object(Cake\Http\Runner))
#12 /home/ubuntu/Pulpit/eclipse-php/powiadomienia/cakephp-4-1-3/vendor/cakephp/cakephp/src/Http/Middleware/CsrfProtectionMiddleware.php(156): Cake\Http\Runner->handle(Object(Cake\Http\ServerRequest))
#13 /home/ubuntu/Pulpit/eclipse-php/powiadomienia/cakephp-4-1-3/vendor/cakephp/cakephp/src/Http/Runner.php(73): Cake\Http\Middleware\CsrfProtectionMiddleware->process(Object(Cake\Http\ServerRequest), Object(Cake\Http\Runner))
#14 /home/ubuntu/Pulpit/eclipse-php/powiadomienia/cakephp-4-1-3/vendor/cakephp/cakephp/src/Http/Middleware/BodyParserMiddleware.php(159): Cake\Http\Runner->handle(Object(Cake\Http\ServerRequest))
#15 /home/ubuntu/Pulpit/eclipse-php/powiadomienia/cakephp-4-1-3/vendor/cakephp/cakephp/src/Http/Runner.php(73): Cake\Http\Middleware\BodyParserMiddleware->process(Object(Cake\Http\ServerRequest), Object(Cake\Http\Runner))
#16 /home/ubuntu/Pulpit/eclipse-php/powiadomienia/cakephp-4-1-3/vendor/cakephp/cakephp/src/Routing/Middleware/RoutingMiddleware.php(166): Cake\Http\Runner->handle(Object(Cake\Http\ServerRequest))
#17 /home/ubuntu/Pulpit/eclipse-php/powiadomienia/cakephp-4-1-3/vendor/cakephp/cakephp/src/Http/Runner.php(73): Cake\Routing\Middleware\RoutingMiddleware->process(Object(Cake\Http\ServerRequest), Object(Cake\Http\Runner))
#18 /home/ubuntu/Pulpit/eclipse-php/powiadomienia/cakephp-4-1-3/vendor/cakephp/cakephp/src/Routing/Middleware/AssetMiddleware.php(68): Cake\Http\Runner->handle(Object(Cake\Http\ServerRequest))
#19 /home/ubuntu/Pulpit/eclipse-php/powiadomienia/cakephp-4-1-3/vendor/cakephp/cakephp/src/Http/Runner.php(73): Cake\Routing\Middleware\AssetMiddleware->process(Object(Cake\Http\ServerRequest), Object(Cake\Http\Runner))
#20 /home/ubuntu/Pulpit/eclipse-php/powiadomienia/cakephp-4-1-3/vendor/cakephp/cakephp/src/Error/Middleware/ErrorHandlerMiddleware.php(121): Cake\Http\Runner->handle(Object(Cake\Http\ServerRequest))
#21 /home/ubuntu/Pulpit/eclipse-php/powiadomienia/cakephp-4-1-3/vendor/cakephp/cakephp/src/Http/Runner.php(73): Cake\Error\Middleware\ErrorHandlerMiddleware->process(Object(Cake\Http\ServerRequest), Object(Cake\Http\Runner))
#22 /home/ubuntu/Pulpit/eclipse-php/powiadomienia/cakephp-4-1-3/vendor/cakephp/debug_kit/src/Middleware/DebugKitMiddleware.php(60): Cake\Http\Runner->handle(Object(Cake\Http\ServerRequest))
#23 /home/ubuntu/Pulpit/eclipse-php/powiadomienia/cakephp-4-1-3/vendor/cakephp/cakephp/src/Http/Runner.php(73): DebugKit\Middleware\DebugKitMiddleware->process(Object(Cake\Http\ServerRequest), Object(Cake\Http\Runner))
#24 /home/ubuntu/Pulpit/eclipse-php/powiadomienia/cakephp-4-1-3/vendor/cakephp/cakephp/src/Http/Runner.php(58): Cake\Http\Runner->handle(Object(Cake\Http\ServerRequest))
#25 /home/ubuntu/Pulpit/eclipse-php/powiadomienia/cakephp-4-1-3/vendor/cakephp/cakephp/src/Http/Server.php(90): Cake\Http\Runner->run(Object(Cake\Http\MiddlewareQueue), Object(Cake\Http\ServerRequest), Object(App\Application))
#26 /home/ubuntu/Pulpit/eclipse-php/powiadomienia/cakephp-4-1-3/webroot/index.php(40): Cake\Http\Server->run()
#27 {main}
2020-09-26 08:19:42 Error: /notifications/send
2020-09-26 08:19:42 Error: SMTP server did not accept the password.
2020-09-26 08:19:42 Error: #0 /home/ubuntu/Pulpit/eclipse-php/powiadomienia/cakephp-4-1-3/vendor/cakephp/cakephp/src/Mailer/Transport/SmtpTransport.php(286): Cake\Mailer\Transport\SmtpTransport->_authLogin('mail.mikolaj.fr...', 'secret')
#1 /home/ubuntu/Pulpit/eclipse-php/powiadomienia/cakephp-4-1-3/vendor/cakephp/cakephp/src/Mailer/Transport/SmtpTransport.php(181): Cake\Mailer\Transport\SmtpTransport->_auth()
#2 /home/ubuntu/Pulpit/eclipse-php/powiadomienia/cakephp-4-1-3/vendor/cakephp/debug_kit/src/Mailer/Transport/DebugKitTransport.php(78): Cake\Mailer\Transport\SmtpTransport->send(Object(Cake\Mailer\Message))
#3 /home/ubuntu/Pulpit/eclipse-php/powiadomienia/cakephp-4-1-3/vendor/cakephp/cakephp/src/Mailer/Mailer.php(396): DebugKit\Mailer\Transport\DebugKitTransport->send(Object(Cake\Mailer\Message))
#4 /home/ubuntu/Pulpit/eclipse-php/powiadomienia/cakephp-4-1-3/src/Controller/Component/EmailProviderComponent.php(82): Cake\Mailer\Mailer->deliver('<p>Mini Lotto o...')
#5 /home/ubuntu/Pulpit/eclipse-php/powiadomienia/cakephp-4-1-3/src/Controller/NotificationsController.php(109): App\Controller\Component\EmailProviderComponent->sendNotification('mikolaj.franek9...', Array, 'Mini Lotto')
#6 /home/ubuntu/Pulpit/eclipse-php/powiadomienia/cakephp-4-1-3/vendor/cakephp/cakephp/src/Controller/Controller.php(527): App\Controller\NotificationsController->send()
#7 /home/ubuntu/Pulpit/eclipse-php/powiadomienia/cakephp-4-1-3/vendor/cakephp/cakephp/src/Controller/ControllerFactory.php(79): Cake\Controller\Controller->invokeAction(Object(Closure), Array)
#8 /home/ubuntu/Pulpit/eclipse-php/powiadomienia/cakephp-4-1-3/vendor/cakephp/cakephp/src/Http/BaseApplication.php(251): Cake\Controller\ControllerFactory->invoke(Object(App\Controller\NotificationsController))
#9 /home/ubuntu/Pulpit/eclipse-php/powiadomienia/cakephp-4-1-3/vendor/cakephp/cakephp/src/Http/Runner.php(77): Cake\Http\BaseApplication->handle(Object(Cake\Http\ServerRequest))
#10 /home/ubuntu/Pulpit/eclipse-php/powiadomienia/cakephp-4-1-3/vendor/cakephp/cakephp/src/Http/Middleware/HttpsEnforcerMiddleware.php(81): Cake\Http\Runner->handle(Object(Cake\Http\ServerRequest))
#11 /home/ubuntu/Pulpit/eclipse-php/powiadomienia/cakephp-4-1-3/vendor/cakephp/cakephp/src/Http/Runner.php(73): Cake\Http\Middleware\HttpsEnforcerMiddleware->process(Object(Cake\Http\ServerRequest), Object(Cake\Http\Runner))
#12 /home/ubuntu/Pulpit/eclipse-php/powiadomienia/cakephp-4-1-3/vendor/cakephp/cakephp/src/Http/Middleware/CsrfProtectionMiddleware.php(156): Cake\Http\Runner->handle(Object(Cake\Http\ServerRequest))
#13 /home/ubuntu/Pulpit/eclipse-php/powiadomienia/cakephp-4-1-3/vendor/cakephp/cakephp/src/Http/Runner.php(73): Cake\Http\Middleware\CsrfProtectionMiddleware->process(Object(Cake\Http\ServerRequest), Object(Cake\Http\Runner))
#14 /home/ubuntu/Pulpit/eclipse-php/powiadomienia/cakephp-4-1-3/vendor/cakephp/cakephp/src/Http/Middleware/BodyParserMiddleware.php(159): Cake\Http\Runner->handle(Object(Cake\Http\ServerRequest))
#15 /home/ubuntu/Pulpit/eclipse-php/powiadomienia/cakephp-4-1-3/vendor/cakephp/cakephp/src/Http/Runner.php(73): Cake\Http\Middleware\BodyParserMiddleware->process(Object(Cake\Http\ServerRequest), Object(Cake\Http\Runner))
#16 /home/ubuntu/Pulpit/eclipse-php/powiadomienia/cakephp-4-1-3/vendor/cakephp/cakephp/src/Routing/Middleware/RoutingMiddleware.php(166): Cake\Http\Runner->handle(Object(Cake\Http\ServerRequest))
#17 /home/ubuntu/Pulpit/eclipse-php/powiadomienia/cakephp-4-1-3/vendor/cakephp/cakephp/src/Http/Runner.php(73): Cake\Routing\Middleware\RoutingMiddleware->process(Object(Cake\Http\ServerRequest), Object(Cake\Http\Runner))
#18 /home/ubuntu/Pulpit/eclipse-php/powiadomienia/cakephp-4-1-3/vendor/cakephp/cakephp/src/Routing/Middleware/AssetMiddleware.php(68): Cake\Http\Runner->handle(Object(Cake\Http\ServerRequest))
#19 /home/ubuntu/Pulpit/eclipse-php/powiadomienia/cakephp-4-1-3/vendor/cakephp/cakephp/src/Http/Runner.php(73): Cake\Routing\Middleware\AssetMiddleware->process(Object(Cake\Http\ServerRequest), Object(Cake\Http\Runner))
#20 /home/ubuntu/Pulpit/eclipse-php/powiadomienia/cakephp-4-1-3/vendor/cakephp/cakephp/src/Error/Middleware/ErrorHandlerMiddleware.php(121): Cake\Http\Runner->handle(Object(Cake\Http\ServerRequest))
#21 /home/ubuntu/Pulpit/eclipse-php/powiadomienia/cakephp-4-1-3/vendor/cakephp/cakephp/src/Http/Runner.php(73): Cake\Error\Middleware\ErrorHandlerMiddleware->process(Object(Cake\Http\ServerRequest), Object(Cake\Http\Runner))
#22 /home/ubuntu/Pulpit/eclipse-php/powiadomienia/cakephp-4-1-3/vendor/cakephp/debug_kit/src/Middleware/DebugKitMiddleware.php(60): Cake\Http\Runner->handle(Object(Cake\Http\ServerRequest))
#23 /home/ubuntu/Pulpit/eclipse-php/powiadomienia/cakephp-4-1-3/vendor/cakephp/cakephp/src/Http/Runner.php(73): DebugKit\Middleware\DebugKitMiddleware->process(Object(Cake\Http\ServerRequest), Object(Cake\Http\Runner))
#24 /home/ubuntu/Pulpit/eclipse-php/powiadomienia/cakephp-4-1-3/vendor/cakephp/cakephp/src/Http/Runner.php(58): Cake\Http\Runner->handle(Object(Cake\Http\ServerRequest))
#25 /home/ubuntu/Pulpit/eclipse-php/powiadomienia/cakephp-4-1-3/vendor/cakephp/cakephp/src/Http/Server.php(90): Cake\Http\Runner->run(Object(Cake\Http\MiddlewareQueue), Object(Cake\Http\ServerRequest), Object(App\Application))
#26 /home/ubuntu/Pulpit/eclipse-php/powiadomienia/cakephp-4-1-3/webroot/index.php(40): Cake\Http\Server->run()
#27 {main}
2020-09-26 08:19:42 Error: /notifications/send
2020-09-26 08:19:42 Error: SMTP Error: 530 5.7.0  https://support.google.com/mail/?p=WantAuthError z24sm1179922lfe.54 - gsmtp
2020-09-26 08:19:42 Error: #0 /home/ubuntu/Pulpit/eclipse-php/powiadomienia/cakephp-4-1-3/vendor/cakephp/cakephp/src/Mailer/Transport/SmtpTransport.php(421): Cake\Mailer\Transport\SmtpTransport->_smtpSend('MAIL FROM:<kont...')
#1 /home/ubuntu/Pulpit/eclipse-php/powiadomienia/cakephp-4-1-3/vendor/cakephp/cakephp/src/Mailer/Transport/SmtpTransport.php(186): Cake\Mailer\Transport\SmtpTransport->_sendRcpt(Object(Cake\Mailer\Message))
#2 /home/ubuntu/Pulpit/eclipse-php/powiadomienia/cakephp-4-1-3/vendor/cakephp/debug_kit/src/Mailer/Transport/DebugKitTransport.php(78): Cake\Mailer\Transport\SmtpTransport->send(Object(Cake\Mailer\Message))
#3 /home/ubuntu/Pulpit/eclipse-php/powiadomienia/cakephp-4-1-3/vendor/cakephp/cakephp/src/Mailer/Mailer.php(396): DebugKit\Mailer\Transport\DebugKitTransport->send(Object(Cake\Mailer\Message))
#4 /home/ubuntu/Pulpit/eclipse-php/powiadomienia/cakephp-4-1-3/src/Controller/Component/EmailProviderComponent.php(48): Cake\Mailer\Mailer->deliver('<p>SMTP server ...')
#5 /home/ubuntu/Pulpit/eclipse-php/powiadomienia/cakephp-4-1-3/src/Controller/NotificationsController.php(141): App\Controller\Component\EmailProviderComponent->sendMessageToAdmin('Exception', 'SMTP server did...')
#6 /home/ubuntu/Pulpit/eclipse-php/powiadomienia/cakephp-4-1-3/vendor/cakephp/cakephp/src/Controller/Controller.php(527): App\Controller\NotificationsController->send()
#7 /home/ubuntu/Pulpit/eclipse-php/powiadomienia/cakephp-4-1-3/vendor/cakephp/cakephp/src/Controller/ControllerFactory.php(79): Cake\Controller\Controller->invokeAction(Object(Closure), Array)
#8 /home/ubuntu/Pulpit/eclipse-php/powiadomienia/cakephp-4-1-3/vendor/cakephp/cakephp/src/Http/BaseApplication.php(251): Cake\Controller\ControllerFactory->invoke(Object(App\Controller\NotificationsController))
#9 /home/ubuntu/Pulpit/eclipse-php/powiadomienia/cakephp-4-1-3/vendor/cakephp/cakephp/src/Http/Runner.php(77): Cake\Http\BaseApplication->handle(Object(Cake\Http\ServerRequest))
#10 /home/ubuntu/Pulpit/eclipse-php/powiadomienia/cakephp-4-1-3/vendor/cakephp/cakephp/src/Http/Middleware/HttpsEnforcerMiddleware.php(81): Cake\Http\Runner->handle(Object(Cake\Http\ServerRequest))
#11 /home/ubuntu/Pulpit/eclipse-php/powiadomienia/cakephp-4-1-3/vendor/cakephp/cakephp/src/Http/Runner.php(73): Cake\Http\Middleware\HttpsEnforcerMiddleware->process(Object(Cake\Http\ServerRequest), Object(Cake\Http\Runner))
#12 /home/ubuntu/Pulpit/eclipse-php/powiadomienia/cakephp-4-1-3/vendor/cakephp/cakephp/src/Http/Middleware/CsrfProtectionMiddleware.php(156): Cake\Http\Runner->handle(Object(Cake\Http\ServerRequest))
#13 /home/ubuntu/Pulpit/eclipse-php/powiadomienia/cakephp-4-1-3/vendor/cakephp/cakephp/src/Http/Runner.php(73): Cake\Http\Middleware\CsrfProtectionMiddleware->process(Object(Cake\Http\ServerRequest), Object(Cake\Http\Runner))
#14 /home/ubuntu/Pulpit/eclipse-php/powiadomienia/cakephp-4-1-3/vendor/cakephp/cakephp/src/Http/Middleware/BodyParserMiddleware.php(159): Cake\Http\Runner->handle(Object(Cake\Http\ServerRequest))
#15 /home/ubuntu/Pulpit/eclipse-php/powiadomienia/cakephp-4-1-3/vendor/cakephp/cakephp/src/Http/Runner.php(73): Cake\Http\Middleware\BodyParserMiddleware->process(Object(Cake\Http\ServerRequest), Object(Cake\Http\Runner))
#16 /home/ubuntu/Pulpit/eclipse-php/powiadomienia/cakephp-4-1-3/vendor/cakephp/cakephp/src/Routing/Middleware/RoutingMiddleware.php(166): Cake\Http\Runner->handle(Object(Cake\Http\ServerRequest))
#17 /home/ubuntu/Pulpit/eclipse-php/powiadomienia/cakephp-4-1-3/vendor/cakephp/cakephp/src/Http/Runner.php(73): Cake\Routing\Middleware\RoutingMiddleware->process(Object(Cake\Http\ServerRequest), Object(Cake\Http\Runner))
#18 /home/ubuntu/Pulpit/eclipse-php/powiadomienia/cakephp-4-1-3/vendor/cakephp/cakephp/src/Routing/Middleware/AssetMiddleware.php(68): Cake\Http\Runner->handle(Object(Cake\Http\ServerRequest))
#19 /home/ubuntu/Pulpit/eclipse-php/powiadomienia/cakephp-4-1-3/vendor/cakephp/cakephp/src/Http/Runner.php(73): Cake\Routing\Middleware\AssetMiddleware->process(Object(Cake\Http\ServerRequest), Object(Cake\Http\Runner))
#20 /home/ubuntu/Pulpit/eclipse-php/powiadomienia/cakephp-4-1-3/vendor/cakephp/cakephp/src/Error/Middleware/ErrorHandlerMiddleware.php(121): Cake\Http\Runner->handle(Object(Cake\Http\ServerRequest))
#21 /home/ubuntu/Pulpit/eclipse-php/powiadomienia/cakephp-4-1-3/vendor/cakephp/cakephp/src/Http/Runner.php(73): Cake\Error\Middleware\ErrorHandlerMiddleware->process(Object(Cake\Http\ServerRequest), Object(Cake\Http\Runner))
#22 /home/ubuntu/Pulpit/eclipse-php/powiadomienia/cakephp-4-1-3/vendor/cakephp/debug_kit/src/Middleware/DebugKitMiddleware.php(60): Cake\Http\Runner->handle(Object(Cake\Http\ServerRequest))
#23 /home/ubuntu/Pulpit/eclipse-php/powiadomienia/cakephp-4-1-3/vendor/cakephp/cakephp/src/Http/Runner.php(73): DebugKit\Middleware\DebugKitMiddleware->process(Object(Cake\Http\ServerRequest), Object(Cake\Http\Runner))
#24 /home/ubuntu/Pulpit/eclipse-php/powiadomienia/cakephp-4-1-3/vendor/cakephp/cakephp/src/Http/Runner.php(58): Cake\Http\Runner->handle(Object(Cake\Http\ServerRequest))
#25 /home/ubuntu/Pulpit/eclipse-php/powiadomienia/cakephp-4-1-3/vendor/cakephp/cakephp/src/Http/Server.php(90): Cake\Http\Runner->run(Object(Cake\Http\MiddlewareQueue), Object(Cake\Http\ServerRequest), Object(App\Application))
#26 /home/ubuntu/Pulpit/eclipse-php/powiadomienia/cakephp-4-1-3/webroot/index.php(40): Cake\Http\Server->run()
#27 {main}
